TN:
SF:./src/client/app/admin/admin.module.js
FN:1,(anonymous_1)
FNF:1
FNH:1
FNDA:1,(anonymous_1)
DA:1,1
DA:4,1
LF:2
LH:2
BRF:0
BRH:0
end_of_record
TN:
SF:./src/client/app/agenda/agenda.module.js
FN:1,(anonymous_1)
FNF:1
FNH:1
FNDA:1,(anonymous_1)
DA:1,1
DA:4,1
LF:2
LH:2
BRF:0
BRH:0
end_of_record
TN:
SF:./src/client/app/app.module.js
FN:1,(anonymous_1)
FNF:1
FNH:1
FNDA:1,(anonymous_1)
DA:1,1
DA:4,1
LF:2
LH:2
BRF:0
BRH:0
end_of_record
TN:
SF:./src/client/app/arena/arena.module.js
FN:1,(anonymous_1)
FNF:1
FNH:1
FNDA:1,(anonymous_1)
DA:1,1
DA:4,1
LF:2
LH:2
BRF:0
BRH:0
end_of_record
TN:
SF:./src/client/app/blocks/auto-validate/auto-validate.module.js
FN:1,(anonymous_1)
FNF:1
FNH:1
FNDA:1,(anonymous_1)
DA:1,1
DA:4,1
LF:2
LH:2
BRF:0
BRH:0
end_of_record
TN:
SF:./src/client/app/blocks/exception/exception.module.js
FN:1,(anonymous_1)
FNF:1
FNH:1
FNDA:1,(anonymous_1)
DA:1,1
DA:4,1
LF:2
LH:2
BRF:0
BRH:0
end_of_record
TN:
SF:./src/client/app/blocks/logger/logger.module.js
FN:1,(anonymous_1)
FNF:1
FNH:1
FNDA:1,(anonymous_1)
DA:1,1
DA:4,1
LF:2
LH:2
BRF:0
BRH:0
end_of_record
TN:
SF:./src/client/app/blocks/router/router.module.js
FN:1,(anonymous_1)
FNF:1
FNH:1
FNDA:1,(anonymous_1)
DA:1,1
DA:4,1
LF:2
LH:2
BRF:0
BRH:0
end_of_record
TN:
SF:./src/client/app/contatos/contatos.module.js
FN:1,(anonymous_1)
FNF:1
FNH:1
FNDA:1,(anonymous_1)
DA:1,1
DA:4,1
LF:2
LH:2
BRF:0
BRH:0
end_of_record
TN:
SF:./src/client/app/core/core.module.js
FN:1,(anonymous_1)
FNF:1
FNH:1
FNDA:1,(anonymous_1)
DA:1,1
DA:4,1
LF:2
LH:2
BRF:0
BRH:0
end_of_record
TN:
SF:./src/client/app/dashboard/dashboard.module.js
FN:1,(anonymous_1)
FNF:1
FNH:1
FNDA:1,(anonymous_1)
DA:1,1
DA:4,1
LF:2
LH:2
BRF:0
BRH:0
end_of_record
TN:
SF:./src/client/app/home/home.module.js
FN:1,(anonymous_1)
FNF:1
FNH:1
FNDA:1,(anonymous_1)
DA:1,1
DA:4,1
LF:2
LH:2
BRF:0
BRH:0
end_of_record
TN:
SF:./src/client/app/login/login.module.js
FN:1,(anonymous_1)
FNF:1
FNH:1
FNDA:1,(anonymous_1)
DA:1,1
DA:4,1
LF:2
LH:2
BRF:0
BRH:0
end_of_record
TN:
SF:./src/client/app/reservas/reservas.module.js
FN:1,(anonymous_1)
FNF:1
FNH:1
FNDA:1,(anonymous_1)
DA:1,1
DA:4,1
LF:2
LH:2
BRF:0
BRH:0
end_of_record
TN:
SF:./src/client/app/setup-arena/setup-arena.module.js
FN:1,(anonymous_1)
FNF:1
FNH:1
FNDA:1,(anonymous_1)
DA:1,1
DA:4,1
LF:2
LH:2
BRF:0
BRH:0
end_of_record
TN:
SF:./src/client/app/sistema-arena/sistema-arena.module.js
FN:1,(anonymous_1)
FNF:1
FNH:1
FNDA:1,(anonymous_1)
DA:1,1
DA:4,1
LF:2
LH:2
BRF:0
BRH:0
end_of_record
TN:
SF:./src/client/app/widgets/widgets.module.js
FN:1,(anonymous_1)
FNF:1
FNH:1
FNDA:1,(anonymous_1)
DA:1,1
DA:4,1
LF:2
LH:2
BRF:0
BRH:0
end_of_record
TN:
SF:./src/client/app/admin/admin.controller.js
FN:1,(anonymous_1)
FN:10,AdminController
FN:12,(anonymous_3)
FN:18,activate
FN:25,(anonymous_5)
FNF:5
FNH:1
FNDA:1,(anonymous_1)
FNDA:0,AdminController
FNDA:0,(anonymous_3)
FNDA:0,activate
FNDA:0,(anonymous_5)
DA:1,1
DA:4,1
DA:8,1
DA:10,1
DA:11,0
DA:12,0
DA:13,0
DA:16,0
DA:18,1
DA:19,0
DA:20,0
DA:21,0
DA:25,0
DA:26,0
LF:14
LH:5
BRDA:20,1,0,0
BRDA:20,1,1,0
BRF:2
BRH:0
end_of_record
TN:
SF:./src/client/app/admin/admin.route.js
FN:1,(anonymous_1)
FN:10,appRun
FN:14,getStates
FNF:3
FNH:1
FNDA:1,(anonymous_1)
FNDA:0,appRun
FNDA:0,getStates
DA:1,1
DA:4,1
DA:8,1
DA:10,1
DA:11,0
DA:14,1
DA:15,0
LF:7
LH:5
BRF:0
BRH:0
end_of_record
TN:
SF:./src/client/app/agenda/agenda.controller.js
FN:3,(anonymous_1)
FN:25,ReservasCtrl
FN:64,activate
FN:112,loadQuadras
FN:113,(anonymous_5)
FN:121,getReservas
FN:126,(anonymous_7)
FN:130,(anonymous_8)
FN:136,filterFunc
FN:141,refreshCalendar
FN:148,viewRender
FN:153,eventSelect
FN:185,eventResize
FN:197,(anonymous_14)
FN:206,eventDrop
FN:221,(anonymous_16)
FN:230,eventRender
FN:240,eventClick
FN:262,(anonymous_19)
FN:280,dayClick
FN:290,atualizaDisponibilidade
FN:291,(anonymous_22)
FN:297,(anonymous_23)
FN:303,conflitoHorário
FN:304,(anonymous_25)
FN:310,salvarReservaAvulsa
FN:315,(anonymous_27)
FN:318,(anonymous_28)
FN:330,(anonymous_29)
FN:333,(anonymous_30)
FN:339,excluirReserva
FN:343,openPrecosModal
FN:350,(anonymous_33)
FN:361,showReservasModal
FN:365,showNovoContatoModal
FN:370,salvarContato
FN:374,hideModalForm
FN:379,gotoDate
FNF:38
FNH:1
FNDA:1,(anonymous_1)
FNDA:0,ReservasCtrl
FNDA:0,activate
FNDA:0,loadQuadras
FNDA:0,(anonymous_5)
FNDA:0,getReservas
FNDA:0,(anonymous_7)
FNDA:0,(anonymous_8)
FNDA:0,filterFunc
FNDA:0,refreshCalendar
FNDA:0,viewRender
FNDA:0,eventSelect
FNDA:0,eventResize
FNDA:0,(anonymous_14)
FNDA:0,eventDrop
FNDA:0,(anonymous_16)
FNDA:0,eventRender
FNDA:0,eventClick
FNDA:0,(anonymous_19)
FNDA:0,dayClick
FNDA:0,atualizaDisponibilidade
FNDA:0,(anonymous_22)
FNDA:0,(anonymous_23)
FNDA:0,conflitoHorário
FNDA:0,(anonymous_25)
FNDA:0,salvarReservaAvulsa
FNDA:0,(anonymous_27)
FNDA:0,(anonymous_28)
FNDA:0,(anonymous_29)
FNDA:0,(anonymous_30)
FNDA:0,excluirReserva
FNDA:0,openPrecosModal
FNDA:0,(anonymous_33)
FNDA:0,showReservasModal
FNDA:0,showNovoContatoModal
FNDA:0,salvarContato
FNDA:0,hideModalForm
FNDA:0,gotoDate
DA:3,1
DA:6,1
DA:10,1
DA:25,1
DA:38,0
DA:39,0
DA:40,0
DA:41,0
DA:42,0
DA:43,0
DA:44,0
DA:45,0
DA:46,0
DA:47,0
DA:48,0
DA:49,0
DA:51,0
DA:52,0
DA:53,0
DA:54,0
DA:55,0
DA:56,0
DA:57,0
DA:58,0
DA:59,0
DA:60,0
DA:62,0
DA:64,1
DA:65,0
DA:72,0
DA:80,0
DA:109,0
DA:112,1
DA:113,0
DA:114,0
DA:121,1
DA:122,0
DA:123,0
DA:125,0
DA:126,0
DA:127,0
DA:130,0
DA:131,0
DA:132,0
DA:136,1
DA:137,0
DA:138,0
DA:141,1
DA:142,0
DA:143,0
DA:145,0
DA:148,1
DA:150,0
DA:153,1
DA:154,0
DA:155,0
DA:158,0
DA:159,0
DA:161,0
DA:162,0
DA:170,0
DA:180,0
DA:185,1
DA:186,0
DA:187,0
DA:188,0
DA:189,0
DA:192,0
DA:193,0
DA:196,0
DA:197,0
DA:198,0
DA:199,0
DA:200,0
DA:201,0
DA:206,1
DA:207,0
DA:208,0
DA:209,0
DA:210,0
DA:213,0
DA:214,0
DA:217,0
DA:218,0
DA:219,0
DA:220,0
DA:221,0
DA:222,0
DA:223,0
DA:224,0
DA:225,0
DA:230,1
DA:231,0
DA:232,0
DA:234,0
DA:236,0
DA:240,1
DA:242,0
DA:244,0
DA:255,0
DA:257,0
DA:258,0
DA:260,0
DA:261,0
DA:262,0
DA:263,0
DA:264,0
DA:269,0
DA:277,0
DA:280,1
DA:281,0
DA:282,0
DA:283,0
DA:290,1
DA:291,0
DA:292,0
DA:297,0
DA:298,0
DA:303,1
DA:304,0
DA:305,0
DA:310,1
DA:311,0
DA:312,0
DA:313,0
DA:314,0
DA:315,0
DA:316,0
DA:317,0
DA:319,0
DA:323,0
DA:331,0
DA:332,0
DA:334,0
DA:339,1
DA:340,0
DA:343,1
DA:344,0
DA:351,0
DA:361,1
DA:362,0
DA:365,1
DA:366,0
DA:367,0
DA:370,1
DA:371,0
DA:374,1
DA:375,0
DA:376,0
DA:379,1
DA:380,0
LF:151
LH:26
BRDA:154,1,0,0
BRDA:154,1,1,0
BRDA:159,2,0,0
BRDA:159,2,1,0
BRDA:161,3,0,0
BRDA:161,3,1,0
BRDA:186,4,0,0
BRDA:186,4,1,0
BRDA:207,5,0,0
BRDA:207,5,1,0
BRDA:231,6,0,0
BRDA:231,6,1,0
BRDA:258,7,0,0
BRDA:258,7,1,0
BRDA:261,8,0,0
BRDA:261,8,1,0
BRDA:263,9,0,0
BRDA:263,9,1,0
BRDA:281,10,0,0
BRDA:281,10,1,0
BRDA:292,11,0,0
BRDA:292,11,1,0
BRDA:292,11,2,0
BRDA:298,12,0,0
BRDA:298,12,1,0
BRDA:298,12,2,0
BRDA:305,13,0,0
BRDA:305,13,1,0
BRDA:305,13,2,0
BRDA:311,14,0,0
BRDA:311,14,1,0
BRF:31
BRH:0
end_of_record
TN:
SF:./src/client/app/agenda/agenda.route.js
FN:1,(anonymous_1)
FN:10,appRun
FN:14,getStates
FNF:3
FNH:1
FNDA:1,(anonymous_1)
FNDA:0,appRun
FNDA:0,getStates
DA:1,1
DA:4,1
DA:8,1
DA:10,1
DA:11,0
DA:14,1
DA:15,0
LF:7
LH:5
BRF:0
BRH:0
end_of_record
TN:
SF:./src/client/app/arena/album/album.controller.js
FN:1,(anonymous_1)
FN:10,AlbumCtrl
FN:18,activate
FN:20,(anonymous_4)
FN:27,(anonymous_5)
FN:38,deleteFoto
FN:43,(anonymous_7)
FN:47,(anonymous_8)
FN:57,(anonymous_9)
FN:60,(anonymous_10)
FN:73,(anonymous_11)
FN:88,(anonymous_12)
FN:89,(anonymous_13)
FN:92,(anonymous_14)
FN:108,(anonymous_15)
FN:109,(anonymous_16)
FN:121,(anonymous_17)
FN:125,(anonymous_18)
FNF:18
FNH:1
FNDA:1,(anonymous_1)
FNDA:0,AlbumCtrl
FNDA:0,activate
FNDA:0,(anonymous_4)
FNDA:0,(anonymous_5)
FNDA:0,deleteFoto
FNDA:0,(anonymous_7)
FNDA:0,(anonymous_8)
FNDA:0,(anonymous_9)
FNDA:0,(anonymous_10)
FNDA:0,(anonymous_11)
FNDA:0,(anonymous_12)
FNDA:0,(anonymous_13)
FNDA:0,(anonymous_14)
FNDA:0,(anonymous_15)
FNDA:0,(anonymous_16)
FNDA:0,(anonymous_17)
FNDA:0,(anonymous_18)
DA:1,1
DA:4,1
DA:8,1
DA:10,1
DA:11,0
DA:12,0
DA:13,0
DA:14,0
DA:16,0
DA:18,1
DA:19,0
DA:20,0
DA:21,0
DA:22,0
DA:24,0
DA:27,0
DA:28,0
DA:29,0
DA:32,0
DA:34,0
DA:38,1
DA:39,0
DA:40,0
DA:43,0
DA:44,0
DA:47,0
DA:50,0
DA:53,0
DA:55,0
DA:56,0
DA:57,0
DA:58,0
DA:60,0
DA:62,0
DA:63,0
DA:64,0
DA:65,0
DA:67,0
DA:68,0
DA:69,0
DA:70,0
DA:73,0
DA:75,0
DA:89,0
DA:90,0
DA:92,0
DA:94,0
DA:95,0
DA:109,0
DA:110,0
DA:114,0
DA:115,0
DA:122,0
DA:123,0
DA:126,0
LF:55
LH:6
BRDA:21,1,0,0
BRDA:21,1,1,0
BRDA:28,2,0,0
BRDA:28,2,1,0
BRDA:67,3,0,0
BRDA:67,3,1,0
BRDA:81,4,0,0
BRDA:81,4,1,0
BRDA:101,5,0,0
BRDA:101,5,1,0
BRDA:122,6,0,0
BRDA:122,6,1,0
BRF:12
BRH:0
end_of_record
TN:
SF:./src/client/app/arena/album/album.route.js
FN:1,(anonymous_1)
FN:10,appRun
FN:14,getStates
FNF:3
FNH:1
FNDA:1,(anonymous_1)
FNDA:0,appRun
FNDA:0,getStates
DA:1,1
DA:4,1
DA:8,1
DA:10,1
DA:11,0
DA:14,1
DA:15,0
LF:7
LH:5
BRF:0
BRH:0
end_of_record
TN:
SF:./src/client/app/arena/arena.controller.js
FN:1,(anonymous_1)
FN:10,ArenaCtr
FN:18,activate
FN:31,showUploadImageModal
FN:35,hideUploadImageModal
FN:39,saveImage
FNF:6
FNH:1
FNDA:1,(anonymous_1)
FNDA:0,ArenaCtr
FNDA:0,activate
FNDA:0,showUploadImageModal
FNDA:0,hideUploadImageModal
FNDA:0,saveImage
DA:1,1
DA:4,1
DA:8,1
DA:10,1
DA:11,0
DA:12,0
DA:13,0
DA:14,0
DA:16,0
DA:18,1
DA:19,0
DA:20,0
DA:22,0
DA:31,1
DA:32,0
DA:35,1
DA:36,0
DA:39,1
DA:40,0
DA:41,0
LF:20
LH:8
BRF:0
BRH:0
end_of_record
TN:
SF:./src/client/app/arena/arena.route.js
FN:1,(anonymous_1)
FN:10,appRun
FN:14,getStates
FNF:3
FNH:1
FNDA:1,(anonymous_1)
FNDA:0,appRun
FNDA:0,getStates
DA:1,1
DA:4,1
DA:8,1
DA:10,1
DA:11,0
DA:14,1
DA:15,0
LF:7
LH:5
BRF:0
BRH:0
end_of_record
TN:
SF:./src/client/app/arena/funcionamento/funcionamento.controller.js
FN:1,(anonymous_1)
FN:10,FuncionamentoCtrl
FN:56,activate
FN:60,selectQuadra
FN:66,(anonymous_5)
FN:78,eventResize
FN:84,(anonymous_7)
FN:89,eventDrop
FN:97,(anonymous_9)
FN:102,eventSelect
FN:117,eventClick
FN:124,eventRender
FN:145,isValidPrice
FN:146,(anonymous_14)
FN:147,(anonymous_15)
FNF:15
FNH:1
FNDA:1,(anonymous_1)
FNDA:0,FuncionamentoCtrl
FNDA:0,activate
FNDA:0,selectQuadra
FNDA:0,(anonymous_5)
FNDA:0,eventResize
FNDA:0,(anonymous_7)
FNDA:0,eventDrop
FNDA:0,(anonymous_9)
FNDA:0,eventSelect
FNDA:0,eventClick
FNDA:0,eventRender
FNDA:0,isValidPrice
FNDA:0,(anonymous_14)
FNDA:0,(anonymous_15)
DA:1,1
DA:4,1
DA:8,1
DA:10,1
DA:11,0
DA:13,0
DA:14,0
DA:15,0
DA:16,0
DA:17,0
DA:18,0
DA:19,0
DA:20,0
DA:21,0
DA:54,0
DA:56,1
DA:57,0
DA:60,1
DA:61,0
DA:62,0
DA:63,0
DA:64,0
DA:66,0
DA:68,0
DA:69,0
DA:70,0
DA:72,0
DA:74,0
DA:78,1
DA:79,0
DA:80,0
DA:83,0
DA:84,0
DA:85,0
DA:89,1
DA:90,0
DA:91,0
DA:94,0
DA:95,0
DA:96,0
DA:97,0
DA:98,0
DA:102,1
DA:103,0
DA:104,0
DA:106,0
DA:112,0
DA:113,0
DA:117,1
DA:119,0
DA:124,1
DA:125,0
DA:126,0
DA:127,0
DA:128,0
DA:129,0
DA:131,0
DA:132,0
DA:133,0
DA:134,0
DA:136,0
DA:137,0
DA:138,0
DA:139,0
DA:141,0
DA:145,1
DA:146,0
DA:147,0
DA:148,0
LF:69
LH:12
BRDA:103,1,0,0
BRDA:103,1,1,0
BRDA:136,2,0,0
BRDA:136,2,1,0
BRDA:136,3,0,0
BRDA:136,3,1,0
BRDA:138,4,0,0
BRDA:138,4,1,0
BRDA:138,5,0,0
BRDA:138,5,1,0
BRDA:148,6,0,0
BRDA:148,6,1,0
BRDA:148,6,2,0
BRDA:148,6,3,0
BRF:14
BRH:0
end_of_record
TN:
SF:./src/client/app/arena/funcionamento/funcionamento.route.js
FN:1,(anonymous_1)
FN:10,appRun
FN:14,getStates
FNF:3
FNH:1
FNDA:1,(anonymous_1)
FNDA:0,appRun
FNDA:0,getStates
DA:1,1
DA:4,1
DA:8,1
DA:10,1
DA:11,0
DA:14,1
DA:15,0
LF:7
LH:5
BRF:0
BRH:0
end_of_record
TN:
SF:./src/client/app/arena/precos/precos-readonly.controller.js
FN:2,(anonymous_1)
FN:9,PrecosReadOnlyCtrl
FN:21,activate
FN:56,getPrecos
FN:61,(anonymous_5)
FN:71,viewRender
FN:75,eventRender
FNF:7
FNH:1
FNDA:1,(anonymous_1)
FNDA:0,PrecosReadOnlyCtrl
FNDA:0,activate
FNDA:0,getPrecos
FNDA:0,(anonymous_5)
FNDA:0,viewRender
FNDA:0,eventRender
DA:2,1
DA:4,1
DA:7,1
DA:9,1
DA:10,0
DA:11,0
DA:12,0
DA:13,0
DA:14,0
DA:15,0
DA:16,0
DA:17,0
DA:19,0
DA:21,1
DA:23,0
DA:56,1
DA:57,0
DA:59,0
DA:61,0
DA:62,0
DA:63,0
DA:64,0
DA:66,0
DA:67,0
DA:71,1
DA:72,0
DA:75,1
DA:76,0
DA:77,0
DA:78,0
DA:79,0
DA:80,0
DA:82,0
DA:83,0
DA:84,0
DA:85,0
DA:87,0
DA:88,0
DA:89,0
DA:90,0
DA:92,0
LF:41
LH:8
BRDA:87,1,0,0
BRDA:87,1,1,0
BRDA:87,2,0,0
BRDA:87,2,1,0
BRDA:89,3,0,0
BRDA:89,3,1,0
BRDA:89,4,0,0
BRDA:89,4,1,0
BRF:8
BRH:0
end_of_record
TN:
SF:./src/client/app/arena/precos/precos.controller.js
FN:2,(anonymous_1)
FN:21,PrecosCtrl
FN:50,activate
FN:60,(anonymous_4)
FN:71,(anonymous_5)
FN:115,showNovoPrecoModal
FN:119,hideNovoPrecoModal
FN:123,selecionaQuadra
FN:128,getPrecos
FN:134,(anonymous_10)
FN:145,viewRender
FN:149,eventResize
FN:155,(anonymous_13)
FN:161,eventDrop
FN:169,(anonymous_15)
FN:175,eventSelect
FN:208,eventClick
FN:232,eventRender
FN:262,salvarNovoPreco
FN:274,(anonymous_20)
FN:281,salvarNovoPrecoModal
FN:287,(anonymous_22)
FN:293,(anonymous_23)
FN:298,initDiasSemana
FNF:24
FNH:1
FNDA:1,(anonymous_1)
FNDA:0,PrecosCtrl
FNDA:0,activate
FNDA:0,(anonymous_4)
FNDA:0,(anonymous_5)
FNDA:0,showNovoPrecoModal
FNDA:0,hideNovoPrecoModal
FNDA:0,selecionaQuadra
FNDA:0,getPrecos
FNDA:0,(anonymous_10)
FNDA:0,viewRender
FNDA:0,eventResize
FNDA:0,(anonymous_13)
FNDA:0,eventDrop
FNDA:0,(anonymous_15)
FNDA:0,eventSelect
FNDA:0,eventClick
FNDA:0,eventRender
FNDA:0,salvarNovoPreco
FNDA:0,(anonymous_20)
FNDA:0,salvarNovoPrecoModal
FNDA:0,(anonymous_22)
FNDA:0,(anonymous_23)
FNDA:0,initDiasSemana
DA:2,1
DA:4,1
DA:7,1
DA:21,1
DA:32,0
DA:34,0
DA:35,0
DA:36,0
DA:37,0
DA:38,0
DA:39,0
DA:40,0
DA:41,0
DA:42,0
DA:43,0
DA:44,0
DA:45,0
DA:46,0
DA:48,0
DA:50,1
DA:52,0
DA:59,0
DA:61,0
DA:62,0
DA:63,0
DA:66,0
DA:67,0
DA:72,0
DA:75,0
DA:112,0
DA:115,1
DA:116,0
DA:119,1
DA:120,0
DA:123,1
DA:124,0
DA:125,0
DA:128,1
DA:129,0
DA:130,0
DA:132,0
DA:134,0
DA:135,0
DA:136,0
DA:137,0
DA:139,0
DA:140,0
DA:145,1
DA:146,0
DA:149,1
DA:150,0
DA:151,0
DA:154,0
DA:155,0
DA:156,0
DA:157,0
DA:161,1
DA:162,0
DA:163,0
DA:166,0
DA:167,0
DA:168,0
DA:169,0
DA:170,0
DA:171,0
DA:175,1
DA:176,0
DA:177,0
DA:180,0
DA:181,0
DA:183,0
DA:184,0
DA:193,0
DA:200,0
DA:203,0
DA:208,1
DA:209,0
DA:210,0
DA:225,0
DA:226,0
DA:227,0
DA:232,1
DA:233,0
DA:234,0
DA:235,0
DA:236,0
DA:237,0
DA:239,0
DA:240,0
DA:241,0
DA:242,0
DA:244,0
DA:245,0
DA:246,0
DA:247,0
DA:249,0
DA:252,0
DA:262,1
DA:263,0
DA:267,0
DA:268,0
DA:269,0
DA:273,0
DA:274,0
DA:275,0
DA:276,0
DA:281,1
DA:282,0
DA:286,0
DA:288,0
DA:289,0
DA:290,0
DA:291,0
DA:294,0
DA:298,1
DA:299,0
LF:116
LH:18
BRDA:61,1,0,0
BRDA:61,1,1,0
BRDA:62,2,0,0
BRDA:62,2,1,0
BRDA:129,3,0,0
BRDA:129,3,1,0
BRDA:176,4,0,0
BRDA:176,4,1,0
BRDA:181,5,0,0
BRDA:181,5,1,0
BRDA:183,6,0,0
BRDA:183,6,1,0
BRDA:244,7,0,0
BRDA:244,7,1,0
BRDA:244,8,0,0
BRDA:244,8,1,0
BRDA:246,9,0,0
BRDA:246,9,1,0
BRDA:246,10,0,0
BRDA:246,10,1,0
BRDA:267,11,0,0
BRDA:267,11,1,0
BRF:22
BRH:0
end_of_record
TN:
SF:./src/client/app/arena/precos/precos.route.js
FN:1,(anonymous_1)
FN:10,appRun
FN:14,getStates
FN:24,(anonymous_4)
FNF:4
FNH:1
FNDA:1,(anonymous_1)
FNDA:0,appRun
FNDA:0,getStates
FNDA:0,(anonymous_4)
DA:1,1
DA:4,1
DA:8,1
DA:10,1
DA:11,0
DA:14,1
DA:15,0
DA:25,0
LF:8
LH:5
BRF:0
BRH:0
end_of_record
TN:
SF:./src/client/app/arena/quadras/quadras.controller.js
FN:1,(anonymous_1)
FN:10,QuadraCtrl
FN:35,activate
FN:36,(anonymous_4)
FN:43,salvarNovaQuadra
FN:53,openPrecosModal
FN:59,(anonymous_7)
FN:69,excluirQuadra
FNF:8
FNH:1
FNDA:1,(anonymous_1)
FNDA:0,QuadraCtrl
FNDA:0,activate
FNDA:0,(anonymous_4)
FNDA:0,salvarNovaQuadra
FNDA:0,openPrecosModal
FNDA:0,(anonymous_7)
FNDA:0,excluirQuadra
DA:1,1
DA:4,1
DA:8,1
DA:10,1
DA:11,0
DA:13,0
DA:14,0
DA:15,0
DA:16,0
DA:17,0
DA:18,0
DA:19,0
DA:33,0
DA:35,1
DA:36,0
DA:37,0
DA:38,0
DA:43,1
DA:44,0
DA:45,0
DA:48,0
DA:49,0
DA:53,1
DA:54,0
DA:60,0
DA:69,1
DA:70,0
LF:27
LH:8
BRDA:37,1,0,0
BRDA:37,1,1,0
BRDA:44,2,0,0
BRDA:44,2,1,0
BRF:4
BRH:0
end_of_record
TN:
SF:./src/client/app/arena/quadras/quadras.route.js
FN:1,(anonymous_1)
FN:10,appRun
FN:14,getStates
FNF:3
FNH:1
FNDA:1,(anonymous_1)
FNDA:0,appRun
FNDA:0,getStates
DA:1,1
DA:4,1
DA:8,1
DA:10,1
DA:11,0
DA:14,1
DA:15,0
LF:7
LH:5
BRF:0
BRH:0
end_of_record
TN:
SF:./src/client/app/blocks/auto-validate/auto-validate.js
FN:1,(anonymous_1)
FN:8,(anonymous_2)
FN:9,(anonymous_3)
FNF:3
FNH:1
FNDA:1,(anonymous_1)
FNDA:0,(anonymous_2)
FNDA:0,(anonymous_3)
DA:1,1
DA:4,1
DA:9,0
DA:10,0
DA:11,0
DA:12,0
DA:13,0
DA:14,0
DA:15,0
DA:16,0
LF:10
LH:2
BRF:0
BRH:0
end_of_record
TN:
SF:./src/client/app/blocks/exception/exception-handler.provider.js
FN:3,(anonymous_1)
FN:14,exceptionHandlerProvider
FN:20,(anonymous_3)
FN:24,(anonymous_4)
FN:37,config
FN:50,extendExceptionHandler
FN:51,(anonymous_7)
FNF:7
FNH:7
FNDA:1,(anonymous_1)
FNDA:8,exceptionHandlerProvider
FNDA:5,(anonymous_3)
FNDA:10,(anonymous_4)
FNDA:8,config
FNDA:8,extendExceptionHandler
FNDA:1,(anonymous_7)
DA:3,1
DA:6,1
DA:14,1
DA:16,8
DA:20,8
DA:21,5
DA:24,8
DA:25,10
DA:29,1
DA:37,1
DA:38,8
DA:41,1
DA:50,1
DA:51,8
DA:52,1
DA:53,1
DA:54,1
DA:55,1
DA:65,0
LF:19
LH:18
BRDA:52,1,0,1
BRDA:52,1,1,0
BRF:2
BRH:1
end_of_record
TN:
SF:./src/client/app/blocks/exception/exception.js
FN:1,(anonymous_1)
FN:9,exception
FN:15,catcher
FN:16,(anonymous_4)
FNF:4
FNH:1
FNDA:1,(anonymous_1)
FNDA:0,exception
FNDA:0,catcher
FNDA:0,(anonymous_4)
DA:1,1
DA:4,1
DA:9,1
DA:10,0
DA:13,0
DA:15,1
DA:16,0
DA:17,0
DA:18,0
DA:19,0
DA:20,0
DA:21,0
DA:23,0
DA:24,0
DA:25,0
LF:15
LH:4
BRDA:19,1,0,0
BRDA:19,1,1,0
BRDA:19,2,0,0
BRDA:19,2,1,0
BRF:4
BRH:0
end_of_record
TN:
SF:./src/client/app/blocks/logger/logger.js
FN:1,(anonymous_1)
FN:11,logger
FN:27,error
FN:32,info
FN:37,success
FN:42,warning
FNF:6
FNH:2
FNDA:1,(anonymous_1)
FNDA:8,logger
FNDA:0,error
FNDA:0,info
FNDA:0,success
FNDA:0,warning
DA:1,1
DA:4,1
DA:8,1
DA:11,1
DA:12,8
DA:24,8
DA:27,1
DA:28,0
DA:29,0
DA:32,1
DA:33,0
DA:34,0
DA:37,1
DA:38,0
DA:39,0
DA:42,1
DA:43,0
DA:44,0
LF:18
LH:10
BRF:0
BRH:0
end_of_record
TN:
SF:./src/client/app/blocks/router/router-helper.provider.js
FN:2,(anonymous_1)
FN:16,routerHelperProvider
FN:26,(anonymous_3)
FN:33,RouterHelper
FN:54,configureStates
FN:55,(anonymous_6)
FN:66,configureStatesAuthenticated
FN:67,(anonymous_8)
FN:74,handleRoutingErrors
FN:79,(anonymous_10)
FN:97,init
FN:102,getStates
FN:106,updateDocTitle
FN:108,(anonymous_14)
FN:118,(anonymous_15)
FN:120,(anonymous_16)
FN:123,(anonymous_17)
FN:132,run
FN:136,(anonymous_19)
FN:142,(anonymous_20)
FN:159,check
FN:165,authRequired
FN:170,subdomainService
FNF:23
FNH:1
FNDA:1,(anonymous_1)
FNDA:0,routerHelperProvider
FNDA:0,(anonymous_3)
FNDA:0,RouterHelper
FNDA:0,configureStates
FNDA:0,(anonymous_6)
FNDA:0,configureStatesAuthenticated
FNDA:0,(anonymous_8)
FNDA:0,handleRoutingErrors
FNDA:0,(anonymous_10)
FNDA:0,init
FNDA:0,getStates
FNDA:0,updateDocTitle
FNDA:0,(anonymous_14)
FNDA:0,(anonymous_15)
FNDA:0,(anonymous_16)
FNDA:0,(anonymous_17)
FNDA:0,run
FNDA:0,(anonymous_19)
FNDA:0,(anonymous_20)
FNDA:0,check
FNDA:0,authRequired
FNDA:0,subdomainService
DA:2,1
DA:5,1
DA:12,1
DA:13,1
DA:14,1
DA:16,1
DA:18,0
DA:22,0
DA:26,0
DA:27,0
DA:30,0
DA:31,0
DA:33,1
DA:34,0
DA:35,0
DA:36,0
DA:41,0
DA:48,0
DA:50,0
DA:54,1
DA:55,0
DA:56,0
DA:58,0
DA:60,0
DA:61,0
DA:62,0
DA:66,1
DA:67,0
DA:68,0
DA:70,0
DA:74,1
DA:78,0
DA:80,0
DA:81,0
DA:83,0
DA:84,0
DA:85,0
DA:88,0
DA:91,0
DA:92,0
DA:97,1
DA:98,0
DA:99,0
DA:102,1
DA:103,0
DA:106,1
DA:107,0
DA:109,0
DA:110,0
DA:111,0
DA:112,0
DA:118,0
DA:119,0
DA:120,0
DA:121,0
DA:123,0
DA:124,0
DA:126,0
DA:127,0
DA:128,0
DA:132,1
DA:134,0
DA:136,0
DA:137,0
DA:138,0
DA:142,0
DA:144,0
DA:145,0
DA:146,0
DA:148,0
DA:149,0
DA:150,0
DA:153,0
DA:154,0
DA:155,0
DA:159,1
DA:160,0
DA:161,0
DA:165,1
DA:166,0
DA:170,1
DA:171,0
DA:172,0
DA:174,0
DA:175,0
DA:176,0
DA:177,0
DA:180,0
DA:181,0
LF:89
LH:17
BRDA:57,1,0,0
BRDA:57,1,1,0
BRDA:60,2,0,0
BRDA:60,2,1,0
BRDA:60,3,0,0
BRDA:60,3,1,0
BRDA:69,4,0,0
BRDA:69,4,1,0
BRDA:80,5,0,0
BRDA:80,5,1,0
BRDA:85,6,0,0
BRDA:85,6,1,0
BRDA:85,6,2,0
BRDA:85,6,3,0
BRDA:85,6,4,0
BRDA:89,7,0,0
BRDA:89,7,1,0
BRDA:89,8,0,0
BRDA:89,8,1,0
BRDA:90,9,0,0
BRDA:90,9,1,0
BRDA:111,10,0,0
BRDA:111,10,1,0
BRDA:119,11,0,0
BRDA:119,11,1,0
BRDA:137,12,0,0
BRDA:137,12,1,0
BRDA:144,13,0,0
BRDA:144,13,1,0
BRDA:144,14,0,0
BRDA:144,14,1,0
BRDA:144,14,2,0
BRDA:148,15,0,0
BRDA:148,15,1,0
BRDA:148,16,0,0
BRDA:148,16,1,0
BRDA:153,17,0,0
BRDA:153,17,1,0
BRDA:160,18,0,0
BRDA:160,18,1,0
BRDA:160,19,0,0
BRDA:160,19,1,0
BRDA:174,20,0,0
BRDA:174,20,1,0
BRDA:176,21,0,0
BRDA:176,21,1,0
BRDA:176,22,0,0
BRDA:176,22,1,0
BRF:48
BRH:0
end_of_record
TN:
SF:./src/client/app/contatos/contatos.controller.js
FN:1,(anonymous_1)
FN:10,ContatosCtrl
FN:18,activate
FN:21,(anonymous_4)
FN:25,(anonymous_5)
FN:30,(anonymous_6)
FN:36,salvarContato
FN:54,excluirContato
FNF:8
FNH:1
FNDA:1,(anonymous_1)
FNDA:0,ContatosCtrl
FNDA:0,activate
FNDA:0,(anonymous_4)
FNDA:0,(anonymous_5)
FNDA:0,(anonymous_6)
FNDA:0,salvarContato
FNDA:0,excluirContato
DA:1,1
DA:4,1
DA:8,1
DA:10,1
DA:11,0
DA:12,0
DA:13,0
DA:14,0
DA:16,0
DA:18,1
DA:19,0
DA:20,0
DA:22,0
DA:23,0
DA:26,0
DA:27,0
DA:30,0
DA:31,0
DA:32,0
DA:36,1
DA:37,0
DA:38,0
DA:39,0
DA:41,0
DA:42,0
DA:45,0
DA:46,0
DA:47,0
DA:49,0
DA:50,0
DA:54,1
DA:55,0
DA:56,0
LF:33
LH:7
BRDA:37,1,0,0
BRDA:37,1,1,0
BRDA:38,2,0,0
BRDA:38,2,1,0
BRDA:46,3,0,0
BRDA:46,3,1,0
BRF:6
BRH:0
end_of_record
TN:
SF:./src/client/app/contatos/contatos.route.js
FN:1,(anonymous_1)
FN:10,appRun
FN:14,getStates
FNF:3
FNH:1
FNDA:1,(anonymous_1)
FNDA:0,appRun
FNDA:0,getStates
DA:1,1
DA:4,1
DA:8,1
DA:10,1
DA:11,0
DA:14,1
DA:15,0
LF:7
LH:5
BRF:0
BRH:0
end_of_record
TN:
SF:./src/client/app/core/angularfire/auth.js
FN:1,(anonymous_1)
FN:5,(anonymous_2)
FNF:2
FNH:1
FNDA:1,(anonymous_1)
FNDA:0,(anonymous_2)
DA:1,1
DA:3,1
DA:6,0
LF:3
LH:2
BRF:0
BRH:0
end_of_record
TN:
SF:./src/client/app/core/angularfire/config.js
FNF:0
FNH:0
DA:1,1
LF:1
LH:1
BRF:0
BRH:0
end_of_record
TN:
SF:./src/client/app/core/angularfire/firebase.ref.js
FN:2,(anonymous_1)
FNF:1
FNH:0
FNDA:0,(anonymous_1)
DA:1,1
DA:4,0
LF:2
LH:1
BRF:0
BRH:0
end_of_record
TN:
SF:./src/client/app/core/config.js
FN:1,(anonymous_1)
FN:10,toastrConfig
FN:26,configure
FNF:3
FNH:1
FNDA:1,(anonymous_1)
FNDA:0,toastrConfig
FNDA:0,configure
DA:1,1
DA:4,1
DA:6,1
DA:8,1
DA:10,1
DA:11,0
DA:12,0
DA:15,1
DA:20,1
DA:22,1
DA:24,1
DA:26,1
DA:27,0
DA:28,0
DA:30,0
DA:31,0
LF:16
LH:10
BRDA:27,1,0,0
BRDA:27,1,1,0
BRF:2
BRH:0
end_of_record
TN:
SF:./src/client/app/core/constants.js
FN:2,(anonymous_1)
FNF:1
FNH:1
FNDA:1,(anonymous_1)
DA:2,1
DA:5,1
LF:2
LH:2
BRF:0
BRH:0
end_of_record
TN:
SF:./src/client/app/core/core.route.js
FN:1,(anonymous_1)
FN:9,appRun
FN:14,getStates
FNF:3
FNH:1
FNDA:1,(anonymous_1)
FNDA:0,appRun
FNDA:0,getStates
DA:1,1
DA:4,1
DA:9,1
DA:10,0
DA:11,0
DA:14,1
DA:15,0
LF:7
LH:4
BRF:0
BRH:0
end_of_record
TN:
SF:./src/client/app/core/dataservice.js
FN:1,(anonymous_1)
FN:26,FilteredArray
FN:28,FilteredArray
FN:32,(anonymous_4)
FN:41,ScrollArray
FN:42,(anonymous_6)
FN:50,PageArray
FN:51,(anonymous_8)
FN:60,(anonymous_9)
FN:66,(anonymous_10)
FN:76,quadraService
FN:91,getRef
FN:95,getQuadra
FN:99,getQuadras
FN:103,getQuadrasArena
FN:120,getQuadrasLight
FN:133,remove
FN:151,arenaService
FN:165,getRef
FN:169,getArena
FN:173,getQuadras
FN:177,isValidArenaName
FN:178,(anonymous_23)
FN:183,getAlbum
FN:188,funcionamentoService
FN:198,getPreco
FN:204,getPrecos
FN:208,salvarNovoPreco
FN:225,(anonymous_29)
FN:227,(anonymous_30)
FN:247,isValidPrice
FN:248,(anonymous_32)
FN:249,(anonymous_33)
FN:257,reservasService
FN:280,getRef
FN:284,getFilteredArray
FN:289,getAll
FN:293,getReserva
FN:297,refTurmas
FN:301,refMensalistas
FN:305,refAvulsas
FN:309,getTurmas
FN:329,getMensalistas
FN:349,getAvulsar
FN:367,verificaHorarioPeriodo
FN:374,(anonymous_46)
FN:375,(anonymous_47)
FN:396,criarReservaAvulsa
FN:399,(anonymous_49)
FN:414,(anonymous_50)
FN:416,(anonymous_51)
FN:429,criarReservaRecorrente
FN:432,(anonymous_53)
FN:436,(anonymous_54)
FN:440,(anonymous_55)
FN:467,(anonymous_56)
FN:475,(anonymous_57)
FN:489,contatosService
FN:503,getRef
FN:507,getContato
FN:511,getContatos
FN:515,searchContatos
FN:520,refContatosArena
FN:536,(anonymous_64)
FN:542,getContatosArena
FN:547,getContatosArenaLight
FN:558,(anonymous_67)
FN:566,addNovoContato
FN:573,usersService
FN:581,getRef
FN:585,getUserProfile
FNF:71
FNH:1
FNDA:1,(anonymous_1)
FNDA:0,FilteredArray
FNDA:0,FilteredArray
FNDA:0,(anonymous_4)
FNDA:0,ScrollArray
FNDA:0,(anonymous_6)
FNDA:0,PageArray
FNDA:0,(anonymous_8)
FNDA:0,(anonymous_9)
FNDA:0,(anonymous_10)
FNDA:0,quadraService
FNDA:0,getRef
FNDA:0,getQuadra
FNDA:0,getQuadras
FNDA:0,getQuadrasArena
FNDA:0,getQuadrasLight
FNDA:0,remove
FNDA:0,arenaService
FNDA:0,getRef
FNDA:0,getArena
FNDA:0,getQuadras
FNDA:0,isValidArenaName
FNDA:0,(anonymous_23)
FNDA:0,getAlbum
FNDA:0,funcionamentoService
FNDA:0,getPreco
FNDA:0,getPrecos
FNDA:0,salvarNovoPreco
FNDA:0,(anonymous_29)
FNDA:0,(anonymous_30)
FNDA:0,isValidPrice
FNDA:0,(anonymous_32)
FNDA:0,(anonymous_33)
FNDA:0,reservasService
FNDA:0,getRef
FNDA:0,getFilteredArray
FNDA:0,getAll
FNDA:0,getReserva
FNDA:0,refTurmas
FNDA:0,refMensalistas
FNDA:0,refAvulsas
FNDA:0,getTurmas
FNDA:0,getMensalistas
FNDA:0,getAvulsar
FNDA:0,verificaHorarioPeriodo
FNDA:0,(anonymous_46)
FNDA:0,(anonymous_47)
FNDA:0,criarReservaAvulsa
FNDA:0,(anonymous_49)
FNDA:0,(anonymous_50)
FNDA:0,(anonymous_51)
FNDA:0,criarReservaRecorrente
FNDA:0,(anonymous_53)
FNDA:0,(anonymous_54)
FNDA:0,(anonymous_55)
FNDA:0,(anonymous_56)
FNDA:0,(anonymous_57)
FNDA:0,contatosService
FNDA:0,getRef
FNDA:0,getContato
FNDA:0,getContatos
FNDA:0,searchContatos
FNDA:0,refContatosArena
FNDA:0,(anonymous_64)
FNDA:0,getContatosArena
FNDA:0,getContatosArenaLight
FNDA:0,(anonymous_67)
FNDA:0,addNovoContato
FNDA:0,usersService
FNDA:0,getRef
FNDA:0,getUserProfile
DA:1,1
DA:4,1
DA:16,1
DA:17,1
DA:18,1
DA:19,1
DA:20,1
DA:21,1
DA:22,1
DA:24,1
DA:26,1
DA:28,1
DA:29,0
DA:30,0
DA:32,0
DA:33,0
DA:34,0
DA:35,0
DA:38,0
DA:41,1
DA:42,0
DA:43,0
DA:44,0
DA:45,0
DA:46,0
DA:50,1
DA:51,0
DA:53,0
DA:55,0
DA:57,0
DA:60,0
DA:61,0
DA:62,0
DA:66,0
DA:67,0
DA:71,0
DA:72,0
DA:76,1
DA:77,0
DA:89,0
DA:91,1
DA:92,0
DA:95,1
DA:96,0
DA:99,1
DA:100,0
DA:103,1
DA:104,0
DA:117,0
DA:120,1
DA:121,0
DA:130,0
DA:133,1
DA:134,0
DA:147,0
DA:151,1
DA:153,0
DA:163,0
DA:165,1
DA:166,0
DA:169,1
DA:170,0
DA:173,1
DA:174,0
DA:177,1
DA:178,0
DA:179,0
DA:183,1
DA:184,0
DA:188,1
DA:189,0
DA:196,0
DA:198,1
DA:199,0
DA:204,1
DA:205,0
DA:208,1
DA:209,0
DA:211,0
DA:222,0
DA:223,0
DA:224,0
DA:225,0
DA:226,0
DA:227,0
DA:228,0
DA:233,0
DA:237,0
DA:241,0
DA:244,0
DA:247,1
DA:248,0
DA:249,0
DA:250,0
DA:257,1
DA:258,0
DA:278,0
DA:280,1
DA:281,0
DA:284,1
DA:285,0
DA:286,0
DA:289,1
DA:290,0
DA:293,1
DA:294,0
DA:297,1
DA:298,0
DA:301,1
DA:302,0
DA:305,1
DA:306,0
DA:309,1
DA:310,0
DA:326,0
DA:329,1
DA:330,0
DA:346,0
DA:349,1
DA:350,0
DA:364,0
DA:367,1
DA:368,0
DA:370,0
DA:371,0
DA:374,0
DA:375,0
DA:376,0
DA:377,0
DA:378,0
DA:379,0
DA:388,0
DA:391,0
DA:393,0
DA:396,1
DA:397,0
DA:399,0
DA:401,0
DA:402,0
DA:403,0
DA:414,0
DA:415,0
DA:417,0
DA:421,0
DA:426,0
DA:429,1
DA:430,0
DA:432,0
DA:434,0
DA:435,0
DA:436,0
DA:437,0
DA:438,0
DA:440,0
DA:441,0
DA:443,0
DA:444,0
DA:446,0
DA:447,0
DA:448,0
DA:450,0
DA:460,0
DA:461,0
DA:463,0
DA:467,0
DA:468,0
DA:469,0
DA:472,0
DA:476,0
DA:480,0
DA:485,0
DA:489,1
DA:490,0
DA:501,0
DA:503,1
DA:504,0
DA:507,1
DA:508,0
DA:511,1
DA:512,0
DA:515,1
DA:516,0
DA:517,0
DA:520,1
DA:521,0
DA:535,0
DA:536,0
DA:539,0
DA:542,1
DA:543,0
DA:544,0
DA:547,1
DA:548,0
DA:557,0
DA:558,0
DA:561,0
DA:563,0
DA:566,1
DA:567,0
DA:568,0
DA:573,1
DA:574,0
DA:579,0
DA:581,1
DA:582,0
DA:585,1
DA:586,0
LF:207
LH:58
BRDA:34,1,0,0
BRDA:34,1,1,0
BRDA:34,2,0,0
BRDA:34,2,1,0
BRDA:222,3,0,0
BRDA:222,3,1,0
BRDA:223,4,0,0
BRDA:223,4,1,0
BRDA:224,5,0,0
BRDA:224,5,1,0
BRDA:250,6,0,0
BRDA:250,6,1,0
BRDA:250,6,2,0
BRDA:379,7,0,0
BRDA:379,7,1,0
BRDA:379,8,0,0
BRDA:379,8,1,0
BRDA:379,8,2,0
BRDA:379,8,3,0
BRDA:379,8,4,0
BRDA:379,8,5,0
BRDA:379,8,6,0
BRDA:379,8,7,0
BRDA:401,9,0,0
BRDA:401,9,1,0
BRDA:434,10,0,0
BRDA:434,10,1,0
BRDA:468,11,0,0
BRDA:468,11,1,0
BRF:29
BRH:0
end_of_record
TN:
SF:./src/client/app/core/directives/ngHideAuth.js
FN:3,(anonymous_1)
FN:8,(anonymous_2)
FN:10,update
FN:13,(anonymous_4)
FNF:4
FNH:0
FNDA:0,(anonymous_1)
FNDA:0,(anonymous_2)
FNDA:0,update
FNDA:0,(anonymous_4)
DA:2,1
DA:6,0
DA:9,0
DA:10,1
DA:13,0
DA:14,0
DA:18,0
DA:19,0
LF:8
LH:2
BRF:0
BRH:0
end_of_record
TN:
SF:./src/client/app/core/directives/ngShowAuth.js
FN:3,(anonymous_1)
FN:8,(anonymous_2)
FN:11,update
FN:14,(anonymous_4)
FNF:4
FNH:0
FNDA:0,(anonymous_1)
FNDA:0,(anonymous_2)
FNDA:0,update
FNDA:0,(anonymous_4)
DA:2,1
DA:6,0
DA:9,0
DA:11,1
DA:14,0
DA:15,0
DA:19,0
DA:20,0
LF:8
LH:2
BRF:0
BRH:0
end_of_record
TN:
SF:./src/client/app/core/filters/datetime.filter.js
FN:4,(anonymous_1)
FN:5,(anonymous_2)
FN:13,(anonymous_3)
FN:14,(anonymous_4)
FNF:4
FNH:0
FNDA:0,(anonymous_1)
FNDA:0,(anonymous_2)
FNDA:0,(anonymous_3)
FNDA:0,(anonymous_4)
DA:3,1
DA:5,0
DA:6,0
DA:7,0
DA:9,0
DA:14,0
DA:15,0
LF:7
LH:1
BRDA:6,1,0,0
BRDA:6,1,1,0
BRF:2
BRH:0
end_of_record
TN:
SF:./src/client/app/core/filters/default-image.filter.js
FN:4,(anonymous_1)
FN:5,(anonymous_2)
FNF:2
FNH:0
FNDA:0,(anonymous_1)
FNDA:0,(anonymous_2)
DA:3,1
DA:5,0
DA:6,0
DA:7,0
DA:9,0
LF:5
LH:1
BRDA:6,1,0,0
BRDA:6,1,1,0
BRF:2
BRH:0
end_of_record
TN:
SF:./src/client/app/core/filters/maps-address.filter.js
FN:4,(anonymous_1)
FN:5,(anonymous_2)
FNF:2
FNH:0
FNDA:0,(anonymous_1)
FNDA:0,(anonymous_2)
DA:3,1
DA:5,0
DA:6,0
DA:7,0
DA:9,0
LF:5
LH:1
BRDA:6,1,0,0
BRDA:6,1,1,0
BRF:2
BRH:0
end_of_record
TN:
SF:./src/client/app/core/filters/reverse.js
FN:4,(anonymous_1)
FN:5,(anonymous_2)
FNF:2
FNH:0
FNDA:0,(anonymous_1)
FNDA:0,(anonymous_2)
DA:3,1
DA:5,0
DA:6,0
LF:3
LH:1
BRDA:6,1,0,0
BRDA:6,1,1,0
BRF:2
BRH:0
end_of_record
TN:
SF:./src/client/app/dashboard/dashboard.controller.js
FN:1,(anonymous_1)
FN:10,DashboardController
FNF:2
FNH:1
FNDA:1,(anonymous_1)
FNDA:0,DashboardController
DA:1,1
DA:4,1
DA:8,1
DA:10,1
DA:11,0
LF:5
LH:4
BRF:0
BRH:0
end_of_record
TN:
SF:./src/client/app/dashboard/dashboard.route.js
FN:1,(anonymous_1)
FN:10,appRun
FN:14,getStates
FNF:3
FNH:1
FNDA:1,(anonymous_1)
FNDA:0,appRun
FNDA:0,getStates
DA:1,1
DA:4,1
DA:8,1
DA:10,1
DA:11,0
DA:14,1
DA:15,0
LF:7
LH:5
BRF:0
BRH:0
end_of_record
TN:
SF:./src/client/app/home/home.controller.js
FN:1,(anonymous_1)
FN:10,HomeCtrl
FNF:2
FNH:1
FNDA:1,(anonymous_1)
FNDA:0,HomeCtrl
DA:1,1
DA:4,1
DA:8,1
DA:10,1
DA:11,0
LF:5
LH:4
BRF:0
BRH:0
end_of_record
TN:
SF:./src/client/app/home/home.route.js
FN:1,(anonymous_1)
FN:10,appRun
FN:14,getStates
FNF:3
FNH:1
FNDA:1,(anonymous_1)
FNDA:0,appRun
FNDA:0,getStates
DA:1,1
DA:4,1
DA:8,1
DA:10,1
DA:11,0
DA:14,1
DA:15,0
LF:7
LH:5
BRF:0
BRH:0
end_of_record
TN:
SF:./src/client/app/login/login.controller.js
FN:1,(anonymous_1)
FN:20,LoginCtrl
FN:36,(anonymous_3)
FN:41,(anonymous_4)
FN:46,(anonymous_5)
FN:54,(anonymous_6)
FN:58,(anonymous_7)
FN:74,(anonymous_8)
FN:84,(anonymous_9)
FN:92,createProfile
FN:94,(anonymous_11)
FN:95,(anonymous_12)
FN:108,firstPartOfEmail
FN:113,ucfirst
FN:120,redirect
FN:123,(anonymous_16)
FN:142,showError
FNF:17
FNH:1
FNDA:1,(anonymous_1)
FNDA:0,LoginCtrl
FNDA:0,(anonymous_3)
FNDA:0,(anonymous_4)
FNDA:0,(anonymous_5)
FNDA:0,(anonymous_6)
FNDA:0,(anonymous_7)
FNDA:0,(anonymous_8)
FNDA:0,(anonymous_9)
FNDA:0,createProfile
FNDA:0,(anonymous_11)
FNDA:0,(anonymous_12)
FNDA:0,firstPartOfEmail
FNDA:0,ucfirst
FNDA:0,redirect
FNDA:0,(anonymous_16)
FNDA:0,showError
DA:1,1
DA:4,1
DA:8,1
DA:20,1
DA:32,0
DA:33,0
DA:34,0
DA:36,0
DA:37,0
DA:38,0
DA:41,0
DA:42,0
DA:43,0
DA:46,0
DA:47,0
DA:48,0
DA:49,0
DA:54,0
DA:55,0
DA:56,0
DA:59,0
DA:60,0
DA:61,0
DA:63,0
DA:64,0
DA:66,0
DA:69,0
DA:74,0
DA:75,0
DA:76,0
DA:77,0
DA:79,0
DA:80,0
DA:83,0
DA:86,0
DA:92,1
DA:93,0
DA:94,0
DA:95,0
DA:96,0
DA:97,0
DA:100,0
DA:104,0
DA:108,1
DA:110,0
DA:113,1
DA:115,0
DA:116,0
DA:117,0
DA:120,1
DA:121,0
DA:123,0
DA:124,0
DA:125,0
DA:126,0
DA:127,0
DA:128,0
DA:131,0
DA:132,0
DA:136,0
DA:137,0
DA:142,1
DA:143,0
DA:144,0
DA:145,0
LF:65
LH:9
BRDA:60,1,0,0
BRDA:60,1,1,0
BRDA:61,2,0,0
BRDA:61,2,1,0
BRDA:76,3,0,0
BRDA:76,3,1,0
BRDA:79,4,0,0
BRDA:79,4,1,0
BRDA:96,5,0,0
BRDA:96,5,1,0
BRDA:110,6,0,0
BRDA:110,6,1,0
BRDA:125,7,0,0
BRDA:125,7,1,0
BRDA:126,8,0,0
BRDA:126,8,1,0
BRDA:144,9,0,0
BRDA:144,9,1,0
BRF:18
BRH:0
end_of_record
TN:
SF:./src/client/app/login/login.route.js
FN:1,(anonymous_1)
FN:10,appRun
FN:14,getStates
FNF:3
FNH:1
FNDA:1,(anonymous_1)
FNDA:0,appRun
FNDA:0,getStates
DA:1,1
DA:4,1
DA:8,1
DA:10,1
DA:11,0
DA:14,1
DA:15,0
LF:7
LH:5
BRF:0
BRH:0
end_of_record
TN:
SF:./src/client/app/reservas/avulsas/avulsas-form.controller.js
FN:2,(anonymous_1)
FN:18,AvulsasFormCtrl
FN:30,activate
FN:46,salvarNovaReserva
FN:59,(anonymous_5)
FN:62,(anonymous_6)
FN:67,hideModalForm
FN:71,initForm
FN:81,showNovoContatoModal
FN:86,salvarContato
FNF:10
FNH:1
FNDA:1,(anonymous_1)
FNDA:0,AvulsasFormCtrl
FNDA:0,activate
FNDA:0,salvarNovaReserva
FNDA:0,(anonymous_5)
FNDA:0,(anonymous_6)
FNDA:0,hideModalForm
FNDA:0,initForm
FNDA:0,showNovoContatoModal
FNDA:0,salvarContato
DA:2,1
DA:5,1
DA:9,1
DA:18,1
DA:19,0
DA:20,0
DA:21,0
DA:22,0
DA:23,0
DA:24,0
DA:25,0
DA:26,0
DA:28,0
DA:30,1
DA:31,0
DA:32,0
DA:33,0
DA:35,0
DA:43,0
DA:46,1
DA:48,0
DA:59,0
DA:60,0
DA:61,0
DA:63,0
DA:67,1
DA:68,0
DA:71,1
DA:72,0
DA:78,0
DA:81,1
DA:82,0
DA:83,0
DA:86,1
DA:87,0
LF:35
LH:10
BRDA:31,1,0,0
BRDA:31,1,1,0
BRF:2
BRH:0
end_of_record
TN:
SF:./src/client/app/reservas/avulsas/avulsas.controller.js
FN:2,(anonymous_1)
FN:16,AvulsasCtrl
FN:32,activate
FN:34,(anonymous_4)
FN:45,loadMore
FN:48,(anonymous_6)
FN:54,showModalForm
FN:58,hideModalForm
FNF:8
FNH:1
FNDA:1,(anonymous_1)
FNDA:0,AvulsasCtrl
FNDA:0,activate
FNDA:0,(anonymous_4)
FNDA:0,loadMore
FNDA:0,(anonymous_6)
FNDA:0,showModalForm
FNDA:0,hideModalForm
DA:2,1
DA:5,1
DA:9,1
DA:16,1
DA:17,0
DA:18,0
DA:19,0
DA:20,0
DA:21,0
DA:22,0
DA:23,0
DA:30,0
DA:32,1
DA:33,0
DA:34,0
DA:35,0
DA:36,0
DA:37,0
DA:40,0
DA:45,1
DA:46,0
DA:47,0
DA:48,0
DA:49,0
DA:50,0
DA:54,1
DA:55,0
DA:58,1
DA:59,0
LF:29
LH:8
BRDA:35,1,0,0
BRDA:35,1,1,0
BRF:2
BRH:0
end_of_record
TN:
SF:./src/client/app/reservas/avulsas/avulsas.route.js
FN:1,(anonymous_1)
FN:10,appRun
FN:14,getStates
FNF:3
FNH:1
FNDA:1,(anonymous_1)
FNDA:0,appRun
FNDA:0,getStates
DA:1,1
DA:4,1
DA:8,1
DA:10,1
DA:11,0
DA:14,1
DA:15,0
LF:7
LH:5
BRF:0
BRH:0
end_of_record
TN:
SF:./src/client/app/reservas/escolinhas/escolinhas-form.controller.js
FN:2,(anonymous_1)
FN:18,EscolinhasFormCtrl
FN:29,activate
FN:43,initReservaSelecionada
FN:44,(anonymous_5)
FN:45,(anonymous_6)
FN:59,(anonymous_7)
FN:67,salvarNovaTurma
FN:85,(anonymous_9)
FN:88,(anonymous_10)
FN:93,(anonymous_11)
FN:96,(anonymous_12)
FN:102,hideModalForm
FN:106,initDiasSemana
FN:118,showNovoContatoModal
FN:123,salvarContato
FNF:16
FNH:1
FNDA:1,(anonymous_1)
FNDA:0,EscolinhasFormCtrl
FNDA:0,activate
FNDA:0,initReservaSelecionada
FNDA:0,(anonymous_5)
FNDA:0,(anonymous_6)
FNDA:0,(anonymous_7)
FNDA:0,salvarNovaTurma
FNDA:0,(anonymous_9)
FNDA:0,(anonymous_10)
FNDA:0,(anonymous_11)
FNDA:0,(anonymous_12)
FNDA:0,hideModalForm
FNDA:0,initDiasSemana
FNDA:0,showNovoContatoModal
FNDA:0,salvarContato
DA:2,1
DA:5,1
DA:9,1
DA:18,1
DA:19,0
DA:20,0
DA:21,0
DA:22,0
DA:23,0
DA:24,0
DA:25,0
DA:27,0
DA:29,1
DA:30,0
DA:38,0
DA:40,0
DA:43,1
DA:44,0
DA:45,0
DA:46,0
DA:47,0
DA:48,0
DA:59,0
DA:60,0
DA:67,1
DA:69,0
DA:84,0
DA:85,0
DA:86,0
DA:87,0
DA:89,0
DA:93,0
DA:94,0
DA:95,0
DA:97,0
DA:102,1
DA:103,0
DA:106,1
DA:107,0
DA:118,1
DA:119,0
DA:120,0
DA:123,1
DA:124,0
LF:44
LH:11
BRDA:47,1,0,0
BRDA:47,1,1,0
BRDA:84,2,0,0
BRDA:84,2,1,0
BRF:4
BRH:0
end_of_record
TN:
SF:./src/client/app/reservas/escolinhas/escolinhas.controller.js
FN:2,(anonymous_1)
FN:16,EscolinhasCtrl
FN:32,activate
FN:34,(anonymous_4)
FN:45,loadMore
FN:48,(anonymous_6)
FN:54,editTurma
FN:59,showEscolinhasForm
FN:63,hideModalForm
FNF:9
FNH:1
FNDA:1,(anonymous_1)
FNDA:0,EscolinhasCtrl
FNDA:0,activate
FNDA:0,(anonymous_4)
FNDA:0,loadMore
FNDA:0,(anonymous_6)
FNDA:0,editTurma
FNDA:0,showEscolinhasForm
FNDA:0,hideModalForm
DA:2,1
DA:5,1
DA:9,1
DA:16,1
DA:17,0
DA:18,0
DA:19,0
DA:20,0
DA:21,0
DA:22,0
DA:23,0
DA:30,0
DA:32,1
DA:33,0
DA:34,0
DA:35,0
DA:36,0
DA:37,0
DA:40,0
DA:45,1
DA:46,0
DA:47,0
DA:48,0
DA:49,0
DA:50,0
DA:54,1
DA:55,0
DA:56,0
DA:59,1
DA:60,0
DA:63,1
DA:64,0
LF:32
LH:9
BRDA:35,1,0,0
BRDA:35,1,1,0
BRF:2
BRH:0
end_of_record
TN:
SF:./src/client/app/reservas/escolinhas/escolinhas.route.js
FN:1,(anonymous_1)
FN:10,appRun
FN:14,getStates
FNF:3
FNH:1
FNDA:1,(anonymous_1)
FNDA:0,appRun
FNDA:0,getStates
DA:1,1
DA:4,1
DA:8,1
DA:10,1
DA:11,0
DA:14,1
DA:15,0
LF:7
LH:5
BRF:0
BRH:0
end_of_record
TN:
SF:./src/client/app/reservas/mensalistas/mensalistas-form.controller.js
FN:2,(anonymous_1)
FN:18,MensalistasFormCtrl
FN:30,activate
FN:42,salvarnovoMensalista
FN:56,(anonymous_5)
FN:59,(anonymous_6)
FN:64,hideModalForm
FN:68,initForm
FN:97,showNovoContatoModal
FN:102,salvarContato
FNF:10
FNH:1
FNDA:1,(anonymous_1)
FNDA:0,MensalistasFormCtrl
FNDA:0,activate
FNDA:0,salvarnovoMensalista
FNDA:0,(anonymous_5)
FNDA:0,(anonymous_6)
FNDA:0,hideModalForm
FNDA:0,initForm
FNDA:0,showNovoContatoModal
FNDA:0,salvarContato
DA:2,1
DA:5,1
DA:9,1
DA:18,1
DA:19,0
DA:20,0
DA:21,0
DA:22,0
DA:23,0
DA:24,0
DA:25,0
DA:26,0
DA:28,0
DA:30,1
DA:31,0
DA:39,0
DA:42,1
DA:44,0
DA:56,0
DA:57,0
DA:58,0
DA:60,0
DA:64,1
DA:65,0
DA:68,1
DA:69,0
DA:77,0
DA:83,0
DA:93,0
DA:94,0
DA:97,1
DA:98,0
DA:99,0
DA:102,1
DA:103,0
LF:35
LH:10
BRF:0
BRH:0
end_of_record
TN:
SF:./src/client/app/reservas/mensalistas/mensalistas.controller.js
FN:2,(anonymous_1)
FN:16,MensalistasCtrl
FN:31,activate
FN:33,(anonymous_4)
FN:44,loadMore
FN:46,(anonymous_6)
FN:52,showModalForm
FN:56,hideModalForm
FNF:8
FNH:1
FNDA:1,(anonymous_1)
FNDA:0,MensalistasCtrl
FNDA:0,activate
FNDA:0,(anonymous_4)
FNDA:0,loadMore
FNDA:0,(anonymous_6)
FNDA:0,showModalForm
FNDA:0,hideModalForm
DA:2,1
DA:5,1
DA:9,1
DA:16,1
DA:17,0
DA:18,0
DA:19,0
DA:20,0
DA:21,0
DA:22,0
DA:29,0
DA:31,1
DA:32,0
DA:33,0
DA:34,0
DA:35,0
DA:36,0
DA:39,0
DA:44,1
DA:45,0
DA:46,0
DA:47,0
DA:48,0
DA:52,1
DA:53,0
DA:56,1
DA:57,0
LF:27
LH:8
BRDA:34,1,0,0
BRDA:34,1,1,0
BRF:2
BRH:0
end_of_record
TN:
SF:./src/client/app/reservas/mensalistas/mensalistas.route.js
FN:1,(anonymous_1)
FN:10,appRun
FN:14,getStates
FNF:3
FNH:1
FNDA:1,(anonymous_1)
FNDA:0,appRun
FNDA:0,getStates
DA:1,1
DA:4,1
DA:8,1
DA:10,1
DA:11,0
DA:14,1
DA:15,0
LF:7
LH:5
BRF:0
BRH:0
end_of_record
TN:
SF:./src/client/app/reservas/reservas.route.js
FN:1,(anonymous_1)
FN:10,appRun
FN:14,getStates
FNF:3
FNH:1
FNDA:1,(anonymous_1)
FNDA:0,appRun
FNDA:0,getStates
DA:1,1
DA:4,1
DA:8,1
DA:10,1
DA:11,0
DA:14,1
DA:15,0
LF:7
LH:5
BRF:0
BRH:0
end_of_record
TN:
SF:./src/client/app/setup-arena/change-passwor.controller.js
FN:1,(anonymous_1)
FN:10,ChangePasswordCtrl
FN:17,activate
FN:18,(anonymous_4)
FN:23,changePassword
FN:29,(anonymous_6)
FNF:6
FNH:1
FNDA:1,(anonymous_1)
FNDA:0,ChangePasswordCtrl
FNDA:0,activate
FNDA:0,(anonymous_4)
FNDA:0,changePassword
FNDA:0,(anonymous_6)
DA:1,1
DA:4,1
DA:8,1
DA:10,1
DA:11,0
DA:12,0
DA:13,0
DA:15,0
DA:17,1
DA:18,0
DA:19,0
DA:23,1
DA:24,0
DA:25,0
DA:30,0
DA:31,0
DA:32,0
DA:34,0
DA:35,0
DA:37,0
DA:38,0
DA:40,0
DA:43,0
LF:23
LH:6
BRDA:31,1,0,0
BRDA:31,1,1,0
BRDA:32,2,0,0
BRDA:32,2,1,0
BRDA:32,2,2,0
BRF:5
BRH:0
end_of_record
TN:
SF:./src/client/app/setup-arena/setup-arena.controller.js
FN:1,(anonymous_1)
FN:10,SetupArenaCtrl
FN:35,activate
FN:47,showUploadImageModal
FN:51,hideUploadImageModal
FN:55,saveImage
FN:60,addQuadra
FN:64,(anonymous_8)
FN:65,(anonymous_9)
FN:74,(anonymous_10)
FN:83,concluirConfiguracao
FNF:11
FNH:1
FNDA:1,(anonymous_1)
FNDA:0,SetupArenaCtrl
FNDA:0,activate
FNDA:0,showUploadImageModal
FNDA:0,hideUploadImageModal
FNDA:0,saveImage
FNDA:0,addQuadra
FNDA:0,(anonymous_8)
FNDA:0,(anonymous_9)
FNDA:0,(anonymous_10)
FNDA:0,concluirConfiguracao
DA:1,1
DA:4,1
DA:8,1
DA:10,1
DA:11,0
DA:13,0
DA:14,0
DA:16,0
DA:17,0
DA:23,0
DA:24,0
DA:25,0
DA:26,0
DA:27,0
DA:28,0
DA:29,0
DA:30,0
DA:31,0
DA:33,0
DA:35,1
DA:36,0
DA:38,0
DA:47,1
DA:48,0
DA:51,1
DA:52,0
DA:55,1
DA:56,0
DA:57,0
DA:60,1
DA:61,0
DA:63,0
DA:64,0
DA:65,0
DA:66,0
DA:70,0
DA:71,0
DA:72,0
DA:74,0
DA:75,0
DA:76,0
DA:80,0
DA:83,1
DA:84,0
DA:85,0
DA:86,0
DA:87,0
LF:47
LH:10
BRDA:75,1,0,0
BRDA:75,1,1,0
BRF:2
BRH:0
end_of_record
TN:
SF:./src/client/app/setup-arena/setup-arena.route.js
FN:1,(anonymous_1)
FN:10,appRun
FN:14,getStates
FNF:3
FNH:1
FNDA:1,(anonymous_1)
FNDA:0,appRun
FNDA:0,getStates
DA:1,1
DA:4,1
DA:8,1
DA:10,1
DA:11,0
DA:14,1
DA:15,0
LF:7
LH:5
BRF:0
BRH:0
end_of_record
TN:
SF:./src/client/app/setup-arena/upload-img.controller.js
FN:1,(anonymous_1)
FN:10,UploadImgCtrl
FN:18,(anonymous_3)
FN:33,(anonymous_4)
FN:36,(anonymous_5)
FN:40,(anonymous_6)
FNF:6
FNH:1
FNDA:1,(anonymous_1)
FNDA:0,UploadImgCtrl
FNDA:0,(anonymous_3)
FNDA:0,(anonymous_4)
FNDA:0,(anonymous_5)
FNDA:0,(anonymous_6)
DA:1,1
DA:4,1
DA:8,1
DA:10,1
DA:13,0
DA:16,0
DA:18,0
DA:19,0
DA:20,0
DA:21,0
DA:34,0
DA:35,0
DA:37,0
DA:38,0
DA:39,0
LF:15
LH:4
BRF:0
BRH:0
end_of_record
TN:
SF:./src/client/app/setup-arena/user-profile.controller copy.js
FN:1,(anonymous_1)
FN:10,UserProfileCtrl
FN:18,activate
FN:33,showModal
FN:37,hideModal
FN:41,saveImage
FNF:6
FNH:1
FNDA:1,(anonymous_1)
FNDA:0,UserProfileCtrl
FNDA:0,activate
FNDA:0,showModal
FNDA:0,hideModal
FNDA:0,saveImage
DA:1,1
DA:4,1
DA:8,1
DA:10,1
DA:11,0
DA:12,0
DA:13,0
DA:14,0
DA:15,0
DA:16,0
DA:18,1
DA:19,0
DA:20,0
DA:21,0
DA:24,0
DA:33,1
DA:34,0
DA:37,1
DA:38,0
DA:41,1
DA:42,0
DA:43,0
LF:22
LH:8
BRDA:20,1,0,0
BRDA:20,1,1,0
BRF:2
BRH:0
end_of_record
TN:
SF:./src/client/app/setup-arena/user-profile.controller.js
FN:1,(anonymous_1)
FN:10,UserProfileCtrl
FN:18,activate
FN:33,showModal
FN:37,hideModal
FN:41,saveImage
FNF:6
FNH:1
FNDA:1,(anonymous_1)
FNDA:0,UserProfileCtrl
FNDA:0,activate
FNDA:0,showModal
FNDA:0,hideModal
FNDA:0,saveImage
DA:1,1
DA:4,1
DA:8,1
DA:10,1
DA:11,0
DA:12,0
DA:13,0
DA:14,0
DA:15,0
DA:16,0
DA:18,1
DA:19,0
DA:20,0
DA:21,0
DA:24,0
DA:33,1
DA:34,0
DA:37,1
DA:38,0
DA:41,1
DA:42,0
DA:43,0
LF:22
LH:8
BRDA:20,1,0,0
BRDA:20,1,1,0
BRF:2
BRH:0
end_of_record
TN:
SF:./src/client/app/sistema-arena/confirmacao-cadastro.route.js
FN:1,(anonymous_1)
FN:10,appRun
FN:14,getStates
FNF:3
FNH:1
FNDA:1,(anonymous_1)
FNDA:0,appRun
FNDA:0,getStates
DA:1,1
DA:4,1
DA:8,1
DA:10,1
DA:11,0
DA:14,1
DA:15,0
LF:7
LH:5
BRF:0
BRH:0
end_of_record
TN:
SF:./src/client/app/sistema-arena/sistema-arena.controller.js
FN:1,(anonymous_1)
FN:10,SistemaArenaCtrl
FN:16,formSubmit
FN:19,(anonymous_4)
FN:29,createAccount
FN:35,authenticate
FN:39,createProfile
FN:48,(anonymous_8)
FN:55,redirect
FN:67,showError
FNF:10
FNH:1
FNDA:1,(anonymous_1)
FNDA:0,SistemaArenaCtrl
FNDA:0,formSubmit
FNDA:0,(anonymous_4)
FNDA:0,createAccount
FNDA:0,authenticate
FNDA:0,createProfile
FNDA:0,(anonymous_8)
FNDA:0,redirect
FNDA:0,showError
DA:1,1
DA:4,1
DA:8,1
DA:10,1
DA:11,0
DA:12,0
DA:13,0
DA:14,0
DA:16,1
DA:17,0
DA:19,0
DA:20,0
DA:21,0
DA:24,0
DA:29,1
DA:30,0
DA:35,1
DA:36,0
DA:39,1
DA:40,0
DA:41,0
DA:42,0
DA:43,0
DA:48,0
DA:49,0
DA:50,0
DA:55,1
DA:56,0
DA:57,0
DA:58,0
DA:59,0
DA:62,0
DA:64,0
DA:67,1
DA:68,0
LF:35
LH:10
BRDA:20,1,0,0
BRDA:20,1,1,0
BRDA:49,2,0,0
BRDA:49,2,1,0
BRDA:58,3,0,0
BRDA:58,3,1,0
BRF:6
BRH:0
end_of_record
TN:
SF:./src/client/app/sistema-arena/sistema-arena.route.js
FN:1,(anonymous_1)
FN:10,appRun
FN:14,getStates
FNF:3
FNH:1
FNDA:1,(anonymous_1)
FNDA:0,appRun
FNDA:0,getStates
DA:1,1
DA:4,1
DA:8,1
DA:10,1
DA:11,0
DA:14,1
DA:15,0
LF:7
LH:5
BRF:0
BRH:0
end_of_record
TN:
SF:./src/client/app/widgets/btn-directive.js
FN:2,(anonymous_1)
FN:9,btn
FN:12,(anonymous_3)
FNF:3
FNH:1
FNDA:1,(anonymous_1)
FNDA:0,btn
FNDA:0,(anonymous_3)
DA:2,1
DA:5,1
DA:9,1
DA:10,0
DA:13,0
DA:14,0
DA:17,0
DA:18,0
DA:22,0
DA:25,0
LF:10
LH:3
BRDA:13,1,0,0
BRDA:13,1,1,0
BRDA:13,2,0,0
BRDA:13,2,1,0
BRDA:17,3,0,0
BRDA:17,3,1,0
BRF:6
BRH:0
end_of_record
TN:
SF:./src/client/app/widgets/chosen-results.directive.js
FN:3,(anonymous_1)
FN:10,chosenResults
FN:13,(anonymous_3)
FNF:3
FNH:1
FNDA:1,(anonymous_1)
FNDA:0,chosenResults
FNDA:0,(anonymous_3)
DA:3,1
DA:6,1
DA:10,1
DA:11,0
DA:15,0
DA:16,0
LF:6
LH:3
BRDA:15,1,0,0
BRDA:15,1,1,0
BRF:2
BRH:0
end_of_record
TN:
SF:./src/client/app/widgets/custom-on-change.directive.js
FN:1,(anonymous_1)
FN:8,customOnChange
FN:11,(anonymous_3)
FNF:3
FNH:1
FNDA:1,(anonymous_1)
FNDA:0,customOnChange
FNDA:0,(anonymous_3)
DA:1,1
DA:4,1
DA:8,1
DA:9,0
DA:12,0
DA:13,0
LF:6
LH:3
BRF:0
BRH:0
end_of_record
TN:
SF:./src/client/app/widgets/fg-line.directive.js
FN:2,(anonymous_1)
FN:9,fgLine
FN:12,(anonymous_3)
FN:14,(anonymous_4)
FN:18,(anonymous_5)
FNF:5
FNH:1
FNDA:1,(anonymous_1)
FNDA:0,fgLine
FNDA:0,(anonymous_3)
FNDA:0,(anonymous_4)
FNDA:0,(anonymous_5)
DA:2,1
DA:5,1
DA:9,1
DA:10,0
DA:13,0
DA:14,0
DA:15,0
DA:18,0
DA:19,0
DA:20,0
DA:22,0
DA:23,0
DA:24,0
DA:28,0
LF:14
LH:3
BRDA:13,1,0,0
BRDA:13,1,1,0
BRDA:22,2,0,0
BRDA:22,2,1,0
BRDA:23,3,0,0
BRDA:23,3,1,0
BRF:6
BRH:0
end_of_record
TN:
SF:./src/client/app/widgets/ht-img-person.directive.js
FN:1,(anonymous_1)
FN:10,htImgPerson
FN:21,link
FN:22,(anonymous_4)
FNF:4
FNH:1
FNDA:1,(anonymous_1)
FNDA:0,htImgPerson
FNDA:0,link
FNDA:0,(anonymous_4)
DA:1,1
DA:4,1
DA:8,1
DA:10,1
DA:13,0
DA:14,0
DA:15,0
DA:19,0
DA:21,1
DA:22,0
DA:23,0
DA:24,0
LF:12
LH:5
BRDA:23,1,0,0
BRDA:23,1,1,0
BRF:2
BRH:0
end_of_record
TN:
SF:./src/client/app/widgets/ht-widget-header.directive.js
FN:1,(anonymous_1)
FN:9,htWidgetHeader
FNF:2
FNH:1
FNDA:1,(anonymous_1)
FNDA:0,htWidgetHeader
DA:1,1
DA:4,1
DA:9,1
DA:16,0
DA:26,0
LF:5
LH:3
BRF:0
BRH:0
end_of_record
TN:
SF:./src/client/app/widgets/lightbox-directive.js
FN:2,(anonymous_1)
FN:9,lightbox
FN:12,(anonymous_3)
FNF:3
FNH:1
FNDA:1,(anonymous_1)
FNDA:0,lightbox
FNDA:0,(anonymous_3)
DA:2,1
DA:5,1
DA:9,1
DA:10,0
DA:13,0
LF:5
LH:3
BRF:0
BRH:0
end_of_record
TN:
SF:./src/client/app/widgets/lightgallery-directive.js
FN:2,(anonymous_1)
FN:9,lightgallery
FN:12,(anonymous_3)
FNF:3
FNH:1
FNDA:1,(anonymous_1)
FNDA:0,lightgallery
FNDA:0,(anonymous_3)
DA:2,1
DA:5,1
DA:9,1
DA:10,0
DA:13,0
DA:14,0
LF:6
LH:3
BRDA:13,1,0,0
BRDA:13,1,1,0
BRF:2
BRH:0
end_of_record
TN:
SF:./src/client/app/widgets/lowercase-directive.js
FN:2,(anonymous_1)
FN:9,lowerCase
FN:12,(anonymous_3)
FN:13,(anonymous_4)
FNF:4
FNH:1
FNDA:1,(anonymous_1)
FNDA:0,lowerCase
FNDA:0,(anonymous_3)
FNDA:0,(anonymous_4)
DA:2,1
DA:5,1
DA:9,1
DA:10,0
DA:13,0
DA:14,0
DA:15,0
DA:17,0
DA:18,0
DA:19,0
DA:20,0
DA:22,0
DA:24,0
DA:25,0
LF:14
LH:3
BRDA:14,1,0,0
BRDA:14,1,1,0
BRDA:18,2,0,0
BRDA:18,2,1,0
BRF:4
BRH:0
end_of_record
TN:
SF:./src/client/app/widgets/ng-confirm-click.directive.js
FN:2,(anonymous_1)
FN:9,ngConfirmClick
FN:11,(anonymous_3)
FN:14,(anonymous_4)
FNF:4
FNH:1
FNDA:1,(anonymous_1)
FNDA:0,ngConfirmClick
FNDA:0,(anonymous_3)
FNDA:0,(anonymous_4)
DA:2,1
DA:5,1
DA:9,1
DA:10,0
DA:12,0
DA:13,0
DA:14,0
DA:15,0
DA:16,0
LF:9
LH:3
BRDA:12,1,0,0
BRDA:12,1,1,0
BRDA:15,2,0,0
BRDA:15,2,1,0
BRF:4
BRH:0
end_of_record
TN:
SF:./src/client/app/widgets/password-verify-directive.js
FN:2,(anonymous_1)
FN:9,passwordVerify
FN:15,(anonymous_3)
FN:16,(anonymous_4)
FN:23,(anonymous_5)
FN:25,(anonymous_6)
FNF:6
FNH:1
FNDA:1,(anonymous_1)
FNDA:0,passwordVerify
FNDA:0,(anonymous_3)
FNDA:0,(anonymous_4)
FNDA:0,(anonymous_5)
FNDA:0,(anonymous_6)
DA:2,1
DA:5,1
DA:9,1
DA:10,0
DA:16,0
DA:17,0
DA:19,0
DA:20,0
DA:22,0
DA:24,0
DA:25,0
DA:26,0
DA:27,0
DA:28,0
DA:29,0
DA:31,0
DA:32,0
LF:17
LH:3
BRDA:19,1,0,0
BRDA:19,1,1,0
BRDA:19,2,0,0
BRDA:19,2,1,0
BRDA:24,3,0,0
BRDA:24,3,1,0
BRDA:27,4,0,0
BRDA:27,4,1,0
BRF:8
BRH:0
end_of_record
TN:
SF:./src/client/app/widgets/progress-bar-directive.js
FN:1,(anonymous_1)
FN:8,progressbar
FN:15,(anonymous_3)
FN:17,(anonymous_4)
FN:20,(anonymous_5)
FNF:5
FNH:1
FNDA:1,(anonymous_1)
FNDA:0,progressbar
FNDA:0,(anonymous_3)
FNDA:0,(anonymous_4)
FNDA:0,(anonymous_5)
DA:1,1
DA:4,1
DA:8,1
DA:9,0
DA:17,0
DA:18,0
DA:20,0
DA:21,0
LF:8
LH:3
BRF:0
BRH:0
end_of_record
