TN:
SF:./src/client/app/admin/admin.module.js
FN:1,(anonymous_1)
FNF:1
FNH:1
FNDA:1,(anonymous_1)
DA:1,1
DA:4,1
LF:2
LH:2
BRF:0
BRH:0
end_of_record
TN:
SF:./src/client/app/agenda/agenda.module.js
FN:1,(anonymous_1)
FNF:1
FNH:1
FNDA:1,(anonymous_1)
DA:1,1
DA:4,1
LF:2
LH:2
BRF:0
BRH:0
end_of_record
TN:
SF:./src/client/app/app.module.js
FN:1,(anonymous_1)
FNF:1
FNH:1
FNDA:1,(anonymous_1)
DA:1,1
DA:4,1
LF:2
LH:2
BRF:0
BRH:0
end_of_record
TN:
SF:./src/client/app/arena/arena.module.js
FN:1,(anonymous_1)
FNF:1
FNH:1
FNDA:1,(anonymous_1)
DA:1,1
DA:4,1
LF:2
LH:2
BRF:0
BRH:0
end_of_record
TN:
SF:./src/client/app/blocks/auto-validate/auto-validate.module.js
FN:1,(anonymous_1)
FNF:1
FNH:1
FNDA:1,(anonymous_1)
DA:1,1
DA:4,1
LF:2
LH:2
BRF:0
BRH:0
end_of_record
TN:
SF:./src/client/app/blocks/exception/exception.module.js
FN:1,(anonymous_1)
FNF:1
FNH:1
FNDA:1,(anonymous_1)
DA:1,1
DA:4,1
LF:2
LH:2
BRF:0
BRH:0
end_of_record
TN:
SF:./src/client/app/blocks/logger/logger.module.js
FN:1,(anonymous_1)
FNF:1
FNH:1
FNDA:1,(anonymous_1)
DA:1,1
DA:4,1
LF:2
LH:2
BRF:0
BRH:0
end_of_record
TN:
SF:./src/client/app/blocks/router/router.module.js
FN:1,(anonymous_1)
FNF:1
FNH:1
FNDA:1,(anonymous_1)
DA:1,1
DA:4,1
LF:2
LH:2
BRF:0
BRH:0
end_of_record
TN:
SF:./src/client/app/contatos/contatos.module.js
FN:1,(anonymous_1)
FNF:1
FNH:1
FNDA:1,(anonymous_1)
DA:1,1
DA:4,1
LF:2
LH:2
BRF:0
BRH:0
end_of_record
TN:
SF:./src/client/app/core/core.module.js
FN:1,(anonymous_1)
FNF:1
FNH:1
FNDA:1,(anonymous_1)
DA:1,1
DA:4,1
LF:2
LH:2
BRF:0
BRH:0
end_of_record
TN:
SF:./src/client/app/dashboard/dashboard.module.js
FN:1,(anonymous_1)
FNF:1
FNH:1
FNDA:1,(anonymous_1)
DA:1,1
DA:4,1
LF:2
LH:2
BRF:0
BRH:0
end_of_record
TN:
SF:./src/client/app/escolinhas/escolinhas.module.js
FN:1,(anonymous_1)
FNF:1
FNH:1
FNDA:1,(anonymous_1)
DA:1,1
DA:4,1
LF:2
LH:2
BRF:0
BRH:0
end_of_record
TN:
SF:./src/client/app/home/home.module.js
FN:1,(anonymous_1)
FNF:1
FNH:1
FNDA:1,(anonymous_1)
DA:1,1
DA:4,1
LF:2
LH:2
BRF:0
BRH:0
end_of_record
TN:
SF:./src/client/app/login/login.module.js
FN:1,(anonymous_1)
FNF:1
FNH:1
FNDA:1,(anonymous_1)
DA:1,1
DA:4,1
LF:2
LH:2
BRF:0
BRH:0
end_of_record
TN:
SF:./src/client/app/reservas/reservas.module.js
FN:1,(anonymous_1)
FNF:1
FNH:1
FNDA:1,(anonymous_1)
DA:1,1
DA:4,1
LF:2
LH:2
BRF:0
BRH:0
end_of_record
TN:
SF:./src/client/app/setup-arena/setup-arena.module.js
FN:1,(anonymous_1)
FNF:1
FNH:1
FNDA:1,(anonymous_1)
DA:1,1
DA:4,1
LF:2
LH:2
BRF:0
BRH:0
end_of_record
TN:
SF:./src/client/app/sistema-arena/sistema-arena.module.js
FN:1,(anonymous_1)
FNF:1
FNH:1
FNDA:1,(anonymous_1)
DA:1,1
DA:4,1
LF:2
LH:2
BRF:0
BRH:0
end_of_record
TN:
SF:./src/client/app/widgets/widgets.module.js
FN:1,(anonymous_1)
FNF:1
FNH:1
FNDA:1,(anonymous_1)
DA:1,1
DA:4,1
LF:2
LH:2
BRF:0
BRH:0
end_of_record
TN:
SF:./src/client/app/admin/admin.controller.js
FN:1,(anonymous_1)
FN:10,AdminController
FN:16,(anonymous_3)
FN:22,activate
FN:28,(anonymous_5)
FN:32,(anonymous_6)
FN:52,(anonymous_7)
FN:56,lerNotificacoes
FN:63,openTrocarSenhaModal
FN:67,openPerfilModal
FN:71,hideModal
FNF:11
FNH:1
FNDA:1,(anonymous_1)
FNDA:0,AdminController
FNDA:0,(anonymous_3)
FNDA:0,activate
FNDA:0,(anonymous_5)
FNDA:0,(anonymous_6)
FNDA:0,(anonymous_7)
FNDA:0,lerNotificacoes
FNDA:0,openTrocarSenhaModal
FNDA:0,openPerfilModal
FNDA:0,hideModal
DA:1,1
DA:4,1
DA:8,1
DA:10,1
DA:11,0
DA:12,0
DA:13,0
DA:14,0
DA:15,0
DA:16,0
DA:17,0
DA:20,0
DA:22,1
DA:23,0
DA:24,0
DA:25,0
DA:28,0
DA:29,0
DA:32,0
DA:33,0
DA:36,0
DA:43,0
DA:52,0
DA:53,0
DA:56,1
DA:57,0
DA:58,0
DA:59,0
DA:63,1
DA:64,0
DA:67,1
DA:68,0
DA:71,1
DA:72,0
LF:34
LH:9
BRDA:24,1,0,0
BRDA:24,1,1,0
BRF:2
BRH:0
end_of_record
TN:
SF:./src/client/app/admin/admin.route.js
FN:1,(anonymous_1)
FN:10,appRun
FN:14,getStates
FNF:3
FNH:1
FNDA:1,(anonymous_1)
FNDA:0,appRun
FNDA:0,getStates
DA:1,1
DA:4,1
DA:8,1
DA:10,1
DA:11,0
DA:14,1
DA:15,0
LF:7
LH:5
BRF:0
BRH:0
end_of_record
TN:
SF:./src/client/app/agenda/agenda.controller.js
FN:3,(anonymous_1)
FN:26,ReservasCtrl
FN:84,activate
FN:93,initModals
FN:127,initCalendar
FN:158,loadQuadras
FN:160,(anonymous_7)
FN:161,(anonymous_8)
FN:170,getReservas
FN:176,(anonymous_10)
FN:180,(anonymous_11)
FN:187,filterFunc
FN:192,refreshCalendar
FN:199,viewRender
FN:203,eventSelect
FN:239,eventResize
FN:251,(anonymous_17)
FN:260,eventDrop
FN:275,(anonymous_19)
FN:284,eventRender
FN:294,eventClick
FN:320,(anonymous_22)
FN:338,dayClick
FN:348,atualizaDisponibilidade
FN:349,(anonymous_25)
FN:355,(anonymous_26)
FN:361,conflitoHorário
FN:362,(anonymous_28)
FN:368,salvarReservaAvulsa
FN:380,(anonymous_30)
FN:384,(anonymous_31)
FN:389,excluirReserva
FN:393,getStatusReserva
FN:426,openPrecosModal
FN:433,(anonymous_35)
FN:444,showReservasModal
FN:448,showTrocaQuadraModal
FN:453,hideTrocaQuadraModal
FN:460,showPagamentoReservaModal
FN:468,(anonymous_40)
FN:476,getFormaPagamentoDesc
FN:480,hidePagamentoReservaModal
FN:487,showNovoContatoModal
FN:493,hideNovoContatoModal
FN:500,salvarContato
FN:505,hideModalForm
FN:510,gotoDate
FN:514,salvarNovoPagamento
FN:517,(anonymous_49)
FN:539,(anonymous_50)
FN:548,(anonymous_51)
FN:553,(anonymous_52)
FN:558,trocarQuadra
FN:562,(anonymous_54)
FN:565,(anonymous_55)
FN:570,aplicaDesconto
FNF:56
FNH:1
FNDA:1,(anonymous_1)
FNDA:0,ReservasCtrl
FNDA:0,activate
FNDA:0,initModals
FNDA:0,initCalendar
FNDA:0,loadQuadras
FNDA:0,(anonymous_7)
FNDA:0,(anonymous_8)
FNDA:0,getReservas
FNDA:0,(anonymous_10)
FNDA:0,(anonymous_11)
FNDA:0,filterFunc
FNDA:0,refreshCalendar
FNDA:0,viewRender
FNDA:0,eventSelect
FNDA:0,eventResize
FNDA:0,(anonymous_17)
FNDA:0,eventDrop
FNDA:0,(anonymous_19)
FNDA:0,eventRender
FNDA:0,eventClick
FNDA:0,(anonymous_22)
FNDA:0,dayClick
FNDA:0,atualizaDisponibilidade
FNDA:0,(anonymous_25)
FNDA:0,(anonymous_26)
FNDA:0,conflitoHorário
FNDA:0,(anonymous_28)
FNDA:0,salvarReservaAvulsa
FNDA:0,(anonymous_30)
FNDA:0,(anonymous_31)
FNDA:0,excluirReserva
FNDA:0,getStatusReserva
FNDA:0,openPrecosModal
FNDA:0,(anonymous_35)
FNDA:0,showReservasModal
FNDA:0,showTrocaQuadraModal
FNDA:0,hideTrocaQuadraModal
FNDA:0,showPagamentoReservaModal
FNDA:0,(anonymous_40)
FNDA:0,getFormaPagamentoDesc
FNDA:0,hidePagamentoReservaModal
FNDA:0,showNovoContatoModal
FNDA:0,hideNovoContatoModal
FNDA:0,salvarContato
FNDA:0,hideModalForm
FNDA:0,gotoDate
FNDA:0,salvarNovoPagamento
FNDA:0,(anonymous_49)
FNDA:0,(anonymous_50)
FNDA:0,(anonymous_51)
FNDA:0,(anonymous_52)
FNDA:0,trocarQuadra
FNDA:0,(anonymous_54)
FNDA:0,(anonymous_55)
FNDA:0,aplicaDesconto
DA:3,1
DA:6,1
DA:10,1
DA:26,1
DA:40,0
DA:41,0
DA:42,0
DA:43,0
DA:44,0
DA:45,0
DA:46,0
DA:47,0
DA:48,0
DA:49,0
DA:50,0
DA:51,0
DA:52,0
DA:53,0
DA:54,0
DA:62,0
DA:63,0
DA:64,0
DA:65,0
DA:66,0
DA:67,0
DA:68,0
DA:69,0
DA:70,0
DA:71,0
DA:72,0
DA:73,0
DA:74,0
DA:75,0
DA:76,0
DA:77,0
DA:78,0
DA:79,0
DA:80,0
DA:82,0
DA:84,1
DA:86,0
DA:88,0
DA:90,0
DA:93,1
DA:94,0
DA:101,0
DA:108,0
DA:117,0
DA:127,1
DA:128,0
DA:158,1
DA:160,0
DA:161,0
DA:162,0
DA:170,1
DA:171,0
DA:173,0
DA:174,0
DA:176,0
DA:177,0
DA:180,0
DA:181,0
DA:182,0
DA:183,0
DA:187,1
DA:188,0
DA:189,0
DA:192,1
DA:193,0
DA:194,0
DA:196,0
DA:199,1
DA:200,0
DA:203,1
DA:204,0
DA:205,0
DA:208,0
DA:209,0
DA:211,0
DA:212,0
DA:220,0
DA:229,0
DA:230,0
DA:231,0
DA:234,0
DA:239,1
DA:240,0
DA:241,0
DA:242,0
DA:243,0
DA:246,0
DA:247,0
DA:250,0
DA:251,0
DA:252,0
DA:253,0
DA:254,0
DA:255,0
DA:260,1
DA:261,0
DA:262,0
DA:263,0
DA:264,0
DA:267,0
DA:268,0
DA:271,0
DA:272,0
DA:273,0
DA:274,0
DA:275,0
DA:276,0
DA:277,0
DA:278,0
DA:279,0
DA:284,1
DA:285,0
DA:286,0
DA:288,0
DA:290,0
DA:294,1
DA:296,0
DA:298,0
DA:313,0
DA:315,0
DA:316,0
DA:318,0
DA:319,0
DA:320,0
DA:321,0
DA:322,0
DA:326,0
DA:327,0
DA:335,0
DA:338,1
DA:339,0
DA:340,0
DA:341,0
DA:348,1
DA:349,0
DA:350,0
DA:355,0
DA:356,0
DA:361,1
DA:362,0
DA:363,0
DA:368,1
DA:369,0
DA:380,0
DA:381,0
DA:382,0
DA:383,0
DA:385,0
DA:389,1
DA:390,0
DA:393,1
DA:394,0
DA:395,0
DA:397,0
DA:398,0
DA:404,0
DA:405,0
DA:411,0
DA:412,0
DA:418,0
DA:419,0
DA:426,1
DA:427,0
DA:434,0
DA:444,1
DA:445,0
DA:448,1
DA:449,0
DA:450,0
DA:453,1
DA:454,0
DA:455,0
DA:456,0
DA:457,0
DA:460,1
DA:461,0
DA:468,0
DA:469,0
DA:472,0
DA:473,0
DA:476,1
DA:477,0
DA:480,1
DA:481,0
DA:482,0
DA:483,0
DA:484,0
DA:487,1
DA:488,0
DA:489,0
DA:490,0
DA:493,1
DA:494,0
DA:495,0
DA:496,0
DA:497,0
DA:500,1
DA:501,0
DA:502,0
DA:505,1
DA:506,0
DA:507,0
DA:510,1
DA:511,0
DA:514,1
DA:515,0
DA:516,0
DA:517,0
DA:518,0
DA:519,0
DA:520,0
DA:521,0
DA:524,0
DA:527,0
DA:529,0
DA:532,0
DA:535,0
DA:536,0
DA:537,0
DA:539,0
DA:540,0
DA:541,0
DA:549,0
DA:554,0
DA:558,1
DA:559,0
DA:560,0
DA:561,0
DA:562,0
DA:563,0
DA:564,0
DA:566,0
DA:570,1
DA:571,0
DA:572,0
DA:573,0
LF:240
LH:38
BRDA:204,1,0,0
BRDA:204,1,1,0
BRDA:209,2,0,0
BRDA:209,2,1,0
BRDA:211,3,0,0
BRDA:211,3,1,0
BRDA:229,4,0,0
BRDA:229,4,1,0
BRDA:240,5,0,0
BRDA:240,5,1,0
BRDA:261,6,0,0
BRDA:261,6,1,0
BRDA:285,7,0,0
BRDA:285,7,1,0
BRDA:316,8,0,0
BRDA:316,8,1,0
BRDA:319,9,0,0
BRDA:319,9,1,0
BRDA:321,10,0,0
BRDA:321,10,1,0
BRDA:339,11,0,0
BRDA:339,11,1,0
BRDA:350,12,0,0
BRDA:350,12,1,0
BRDA:350,12,2,0
BRDA:356,13,0,0
BRDA:356,13,1,0
BRDA:356,13,2,0
BRDA:363,14,0,0
BRDA:363,14,1,0
BRDA:363,14,2,0
BRDA:374,15,0,0
BRDA:374,15,1,0
BRDA:374,16,0,0
BRDA:374,16,1,0
BRDA:375,17,0,0
BRDA:375,17,1,0
BRDA:375,18,0,0
BRDA:375,18,1,0
BRDA:376,19,0,0
BRDA:376,19,1,0
BRDA:397,20,0,0
BRDA:397,20,1,0
BRDA:397,21,0,0
BRDA:397,21,1,0
BRDA:397,21,2,0
BRDA:404,22,0,0
BRDA:404,22,1,0
BRDA:404,23,0,0
BRDA:404,23,1,0
BRDA:411,24,0,0
BRDA:411,24,1,0
BRDA:411,25,0,0
BRDA:411,25,1,0
BRDA:418,26,0,0
BRDA:418,26,1,0
BRDA:519,27,0,0
BRDA:519,27,1,0
BRDA:520,28,0,0
BRDA:520,28,1,0
BRDA:527,29,0,0
BRDA:527,29,1,0
BRDA:527,30,0,0
BRDA:527,30,1,0
BRDA:573,31,0,0
BRDA:573,31,1,0
BRF:66
BRH:0
end_of_record
TN:
SF:./src/client/app/agenda/agenda.route.js
FN:1,(anonymous_1)
FN:10,appRun
FN:14,getStates
FNF:3
FNH:1
FNDA:1,(anonymous_1)
FNDA:0,appRun
FNDA:0,getStates
DA:1,1
DA:4,1
DA:8,1
DA:10,1
DA:11,0
DA:14,1
DA:15,0
LF:7
LH:5
BRF:0
BRH:0
end_of_record
TN:
SF:./src/client/app/agenda/keep-opened.directive.js
FN:3,(anonymous_1)
FN:10,keepOpened
FN:16,(anonymous_3)
FN:17,(anonymous_4)
FNF:4
FNH:1
FNDA:1,(anonymous_1)
FNDA:0,keepOpened
FNDA:0,(anonymous_3)
FNDA:0,(anonymous_4)
DA:3,1
DA:6,1
DA:10,1
DA:11,0
DA:17,0
DA:18,0
DA:19,0
LF:7
LH:3
BRF:0
BRH:0
end_of_record
TN:
SF:./src/client/app/arena/album/album.controller.js
FN:1,(anonymous_1)
FN:10,AlbumCtrl
FN:18,activate
FN:20,(anonymous_4)
FN:27,(anonymous_5)
FN:38,deleteFoto
FN:43,(anonymous_7)
FN:47,(anonymous_8)
FN:57,(anonymous_9)
FN:60,(anonymous_10)
FN:73,(anonymous_11)
FN:88,(anonymous_12)
FN:89,(anonymous_13)
FN:92,(anonymous_14)
FN:108,(anonymous_15)
FN:109,(anonymous_16)
FN:121,(anonymous_17)
FN:125,(anonymous_18)
FNF:18
FNH:1
FNDA:1,(anonymous_1)
FNDA:0,AlbumCtrl
FNDA:0,activate
FNDA:0,(anonymous_4)
FNDA:0,(anonymous_5)
FNDA:0,deleteFoto
FNDA:0,(anonymous_7)
FNDA:0,(anonymous_8)
FNDA:0,(anonymous_9)
FNDA:0,(anonymous_10)
FNDA:0,(anonymous_11)
FNDA:0,(anonymous_12)
FNDA:0,(anonymous_13)
FNDA:0,(anonymous_14)
FNDA:0,(anonymous_15)
FNDA:0,(anonymous_16)
FNDA:0,(anonymous_17)
FNDA:0,(anonymous_18)
DA:1,1
DA:4,1
DA:8,1
DA:10,1
DA:11,0
DA:12,0
DA:13,0
DA:14,0
DA:16,0
DA:18,1
DA:19,0
DA:20,0
DA:21,0
DA:22,0
DA:24,0
DA:27,0
DA:28,0
DA:29,0
DA:32,0
DA:34,0
DA:38,1
DA:39,0
DA:40,0
DA:43,0
DA:44,0
DA:47,0
DA:50,0
DA:53,0
DA:55,0
DA:56,0
DA:57,0
DA:58,0
DA:60,0
DA:62,0
DA:63,0
DA:64,0
DA:65,0
DA:67,0
DA:68,0
DA:69,0
DA:70,0
DA:73,0
DA:75,0
DA:89,0
DA:90,0
DA:92,0
DA:94,0
DA:95,0
DA:109,0
DA:110,0
DA:114,0
DA:115,0
DA:122,0
DA:123,0
DA:126,0
LF:55
LH:6
BRDA:21,1,0,0
BRDA:21,1,1,0
BRDA:28,2,0,0
BRDA:28,2,1,0
BRDA:67,3,0,0
BRDA:67,3,1,0
BRDA:81,4,0,0
BRDA:81,4,1,0
BRDA:101,5,0,0
BRDA:101,5,1,0
BRDA:122,6,0,0
BRDA:122,6,1,0
BRF:12
BRH:0
end_of_record
TN:
SF:./src/client/app/arena/album/album.route.js
FN:1,(anonymous_1)
FN:10,appRun
FN:14,getStates
FNF:3
FNH:1
FNDA:1,(anonymous_1)
FNDA:0,appRun
FNDA:0,getStates
DA:1,1
DA:4,1
DA:8,1
DA:10,1
DA:11,0
DA:14,1
DA:15,0
LF:7
LH:5
BRF:0
BRH:0
end_of_record
TN:
SF:./src/client/app/arena/arena.controller.js
FN:1,(anonymous_1)
FN:10,ArenaCtr
FN:19,activate
FN:33,showUploadImageModal
FN:37,hideUploadImageModal
FN:49,saveImage
FN:54,placeChanged
FNF:7
FNH:1
FNDA:1,(anonymous_1)
FNDA:0,ArenaCtr
FNDA:0,activate
FNDA:0,showUploadImageModal
FNDA:0,hideUploadImageModal
FNDA:0,saveImage
FNDA:0,placeChanged
DA:1,1
DA:4,1
DA:8,1
DA:10,1
DA:11,0
DA:12,0
DA:13,0
DA:14,0
DA:15,0
DA:17,0
DA:19,1
DA:20,0
DA:21,0
DA:23,0
DA:33,1
DA:34,0
DA:37,1
DA:38,0
DA:39,0
DA:49,1
DA:50,0
DA:51,0
DA:54,1
DA:56,0
DA:57,0
DA:58,0
DA:59,0
LF:27
LH:9
BRF:0
BRH:0
end_of_record
TN:
SF:./src/client/app/arena/arena.route.js
FN:1,(anonymous_1)
FN:10,appRun
FN:14,getStates
FNF:3
FNH:1
FNDA:1,(anonymous_1)
FNDA:0,appRun
FNDA:0,getStates
DA:1,1
DA:4,1
DA:8,1
DA:10,1
DA:11,0
DA:14,1
DA:15,0
LF:7
LH:5
BRF:0
BRH:0
end_of_record
TN:
SF:./src/client/app/arena/funcionamento/funcionamento.controller.js
FN:1,(anonymous_1)
FN:10,FuncionamentoCtrl
FN:56,activate
FN:60,selectQuadra
FN:66,(anonymous_5)
FN:78,eventResize
FN:84,(anonymous_7)
FN:89,eventDrop
FN:97,(anonymous_9)
FN:102,eventSelect
FN:117,eventClick
FN:124,eventRender
FN:145,isValidPrice
FN:146,(anonymous_14)
FN:147,(anonymous_15)
FNF:15
FNH:1
FNDA:1,(anonymous_1)
FNDA:0,FuncionamentoCtrl
FNDA:0,activate
FNDA:0,selectQuadra
FNDA:0,(anonymous_5)
FNDA:0,eventResize
FNDA:0,(anonymous_7)
FNDA:0,eventDrop
FNDA:0,(anonymous_9)
FNDA:0,eventSelect
FNDA:0,eventClick
FNDA:0,eventRender
FNDA:0,isValidPrice
FNDA:0,(anonymous_14)
FNDA:0,(anonymous_15)
DA:1,1
DA:4,1
DA:8,1
DA:10,1
DA:11,0
DA:13,0
DA:14,0
DA:15,0
DA:16,0
DA:17,0
DA:18,0
DA:19,0
DA:20,0
DA:21,0
DA:54,0
DA:56,1
DA:57,0
DA:60,1
DA:61,0
DA:62,0
DA:63,0
DA:64,0
DA:66,0
DA:68,0
DA:69,0
DA:70,0
DA:72,0
DA:74,0
DA:78,1
DA:79,0
DA:80,0
DA:83,0
DA:84,0
DA:85,0
DA:89,1
DA:90,0
DA:91,0
DA:94,0
DA:95,0
DA:96,0
DA:97,0
DA:98,0
DA:102,1
DA:103,0
DA:104,0
DA:106,0
DA:112,0
DA:113,0
DA:117,1
DA:119,0
DA:124,1
DA:125,0
DA:126,0
DA:127,0
DA:128,0
DA:129,0
DA:131,0
DA:132,0
DA:133,0
DA:134,0
DA:136,0
DA:137,0
DA:138,0
DA:139,0
DA:141,0
DA:145,1
DA:146,0
DA:147,0
DA:148,0
LF:69
LH:12
BRDA:103,1,0,0
BRDA:103,1,1,0
BRDA:136,2,0,0
BRDA:136,2,1,0
BRDA:136,3,0,0
BRDA:136,3,1,0
BRDA:138,4,0,0
BRDA:138,4,1,0
BRDA:138,5,0,0
BRDA:138,5,1,0
BRDA:148,6,0,0
BRDA:148,6,1,0
BRDA:148,6,2,0
BRDA:148,6,3,0
BRF:14
BRH:0
end_of_record
TN:
SF:./src/client/app/arena/funcionamento/funcionamento.route.js
FN:1,(anonymous_1)
FN:10,appRun
FN:14,getStates
FNF:3
FNH:1
FNDA:1,(anonymous_1)
FNDA:0,appRun
FNDA:0,getStates
DA:1,1
DA:4,1
DA:8,1
DA:10,1
DA:11,0
DA:14,1
DA:15,0
LF:7
LH:5
BRF:0
BRH:0
end_of_record
TN:
SF:./src/client/app/arena/precos/precos-readonly.controller.js
FN:2,(anonymous_1)
FN:9,PrecosReadOnlyCtrl
FN:21,activate
FN:56,getPrecos
FN:61,(anonymous_5)
FN:71,viewRender
FN:75,eventRender
FNF:7
FNH:1
FNDA:1,(anonymous_1)
FNDA:0,PrecosReadOnlyCtrl
FNDA:0,activate
FNDA:0,getPrecos
FNDA:0,(anonymous_5)
FNDA:0,viewRender
FNDA:0,eventRender
DA:2,1
DA:4,1
DA:7,1
DA:9,1
DA:10,0
DA:11,0
DA:12,0
DA:13,0
DA:14,0
DA:15,0
DA:16,0
DA:17,0
DA:19,0
DA:21,1
DA:23,0
DA:56,1
DA:57,0
DA:59,0
DA:61,0
DA:62,0
DA:63,0
DA:64,0
DA:66,0
DA:67,0
DA:71,1
DA:72,0
DA:75,1
DA:76,0
DA:77,0
DA:78,0
DA:79,0
DA:80,0
DA:82,0
DA:83,0
DA:84,0
DA:85,0
DA:87,0
DA:88,0
DA:89,0
DA:90,0
DA:92,0
LF:41
LH:8
BRDA:87,1,0,0
BRDA:87,1,1,0
BRDA:87,2,0,0
BRDA:87,2,1,0
BRDA:89,3,0,0
BRDA:89,3,1,0
BRDA:89,4,0,0
BRDA:89,4,1,0
BRF:8
BRH:0
end_of_record
TN:
SF:./src/client/app/arena/precos/precos.controller.js
FN:2,(anonymous_1)
FN:21,PrecosCtrl
FN:51,activate
FN:61,(anonymous_4)
FN:75,(anonymous_5)
FN:119,showNovoPrecoModal
FN:123,hideNovoPrecoModal
FN:127,selecionaQuadra
FN:132,getPrecos
FN:138,(anonymous_10)
FN:150,viewRender
FN:154,eventResize
FN:160,(anonymous_13)
FN:166,eventDrop
FN:174,(anonymous_15)
FN:180,eventSelect
FN:213,eventClick
FN:224,eventRender
FN:254,salvarNovoPreco
FN:266,(anonymous_20)
FN:274,salvarNovoPrecoModal
FN:280,(anonymous_22)
FN:286,(anonymous_23)
FN:291,initDiasSemana
FNF:24
FNH:1
FNDA:1,(anonymous_1)
FNDA:0,PrecosCtrl
FNDA:0,activate
FNDA:0,(anonymous_4)
FNDA:0,(anonymous_5)
FNDA:0,showNovoPrecoModal
FNDA:0,hideNovoPrecoModal
FNDA:0,selecionaQuadra
FNDA:0,getPrecos
FNDA:0,(anonymous_10)
FNDA:0,viewRender
FNDA:0,eventResize
FNDA:0,(anonymous_13)
FNDA:0,eventDrop
FNDA:0,(anonymous_15)
FNDA:0,eventSelect
FNDA:0,eventClick
FNDA:0,eventRender
FNDA:0,salvarNovoPreco
FNDA:0,(anonymous_20)
FNDA:0,salvarNovoPrecoModal
FNDA:0,(anonymous_22)
FNDA:0,(anonymous_23)
FNDA:0,initDiasSemana
DA:2,1
DA:4,1
DA:7,1
DA:21,1
DA:32,0
DA:34,0
DA:35,0
DA:36,0
DA:37,0
DA:38,0
DA:39,0
DA:40,0
DA:41,0
DA:42,0
DA:43,0
DA:44,0
DA:45,0
DA:46,0
DA:47,0
DA:49,0
DA:51,1
DA:53,0
DA:60,0
DA:62,0
DA:63,0
DA:64,0
DA:67,0
DA:68,0
DA:72,0
DA:76,0
DA:79,0
DA:116,0
DA:119,1
DA:120,0
DA:123,1
DA:124,0
DA:127,1
DA:128,0
DA:129,0
DA:132,1
DA:133,0
DA:134,0
DA:136,0
DA:138,0
DA:139,0
DA:140,0
DA:141,0
DA:143,0
DA:144,0
DA:145,0
DA:150,1
DA:151,0
DA:154,1
DA:155,0
DA:156,0
DA:159,0
DA:160,0
DA:161,0
DA:162,0
DA:166,1
DA:167,0
DA:168,0
DA:171,0
DA:172,0
DA:173,0
DA:174,0
DA:175,0
DA:176,0
DA:180,1
DA:181,0
DA:182,0
DA:185,0
DA:186,0
DA:188,0
DA:189,0
DA:198,0
DA:205,0
DA:208,0
DA:213,1
DA:214,0
DA:215,0
DA:217,0
DA:218,0
DA:219,0
DA:224,1
DA:225,0
DA:226,0
DA:227,0
DA:228,0
DA:229,0
DA:231,0
DA:232,0
DA:233,0
DA:234,0
DA:236,0
DA:237,0
DA:238,0
DA:239,0
DA:241,0
DA:244,0
DA:254,1
DA:255,0
DA:259,0
DA:260,0
DA:261,0
DA:265,0
DA:266,0
DA:267,0
DA:268,0
DA:269,0
DA:274,1
DA:275,0
DA:279,0
DA:281,0
DA:282,0
DA:283,0
DA:284,0
DA:287,0
DA:291,1
DA:292,0
LF:120
LH:18
BRDA:62,1,0,0
BRDA:62,1,1,0
BRDA:63,2,0,0
BRDA:63,2,1,0
BRDA:133,3,0,0
BRDA:133,3,1,0
BRDA:181,4,0,0
BRDA:181,4,1,0
BRDA:186,5,0,0
BRDA:186,5,1,0
BRDA:188,6,0,0
BRDA:188,6,1,0
BRDA:236,7,0,0
BRDA:236,7,1,0
BRDA:236,8,0,0
BRDA:236,8,1,0
BRDA:238,9,0,0
BRDA:238,9,1,0
BRDA:238,10,0,0
BRDA:238,10,1,0
BRDA:259,11,0,0
BRDA:259,11,1,0
BRF:22
BRH:0
end_of_record
TN:
SF:./src/client/app/arena/precos/precos.route.js
FN:1,(anonymous_1)
FN:10,appRun
FN:14,getStates
FN:24,(anonymous_4)
FNF:4
FNH:1
FNDA:1,(anonymous_1)
FNDA:0,appRun
FNDA:0,getStates
FNDA:0,(anonymous_4)
DA:1,1
DA:4,1
DA:8,1
DA:10,1
DA:11,0
DA:14,1
DA:15,0
DA:25,0
LF:8
LH:5
BRF:0
BRH:0
end_of_record
TN:
SF:./src/client/app/arena/quadras/quadras.controller.js
FN:1,(anonymous_1)
FN:10,QuadraCtrl
FN:35,activate
FN:37,(anonymous_4)
FN:42,(anonymous_5)
FN:46,(anonymous_6)
FN:51,salvarNovaQuadra
FN:61,openPrecosModal
FN:67,(anonymous_9)
FN:77,excluirQuadra
FNF:10
FNH:1
FNDA:1,(anonymous_1)
FNDA:0,QuadraCtrl
FNDA:0,activate
FNDA:0,(anonymous_4)
FNDA:0,(anonymous_5)
FNDA:0,(anonymous_6)
FNDA:0,salvarNovaQuadra
FNDA:0,openPrecosModal
FNDA:0,(anonymous_9)
FNDA:0,excluirQuadra
DA:1,1
DA:4,1
DA:8,1
DA:10,1
DA:11,0
DA:13,0
DA:14,0
DA:15,0
DA:16,0
DA:17,0
DA:18,0
DA:19,0
DA:33,0
DA:35,1
DA:36,0
DA:38,0
DA:39,0
DA:43,0
DA:46,0
DA:47,0
DA:51,1
DA:52,0
DA:53,0
DA:56,0
DA:57,0
DA:61,1
DA:62,0
DA:68,0
DA:77,1
DA:78,0
LF:30
LH:8
BRDA:38,1,0,0
BRDA:38,1,1,0
BRDA:52,2,0,0
BRDA:52,2,1,0
BRF:4
BRH:0
end_of_record
TN:
SF:./src/client/app/arena/quadras/quadras.route.js
FN:1,(anonymous_1)
FN:10,appRun
FN:14,getStates
FNF:3
FNH:1
FNDA:1,(anonymous_1)
FNDA:0,appRun
FNDA:0,getStates
DA:1,1
DA:4,1
DA:8,1
DA:10,1
DA:11,0
DA:14,1
DA:15,0
LF:7
LH:5
BRF:0
BRH:0
end_of_record
TN:
SF:./src/client/app/blocks/auto-validate/auto-validate.js
FN:1,(anonymous_1)
FN:8,(anonymous_2)
FN:9,(anonymous_3)
FNF:3
FNH:1
FNDA:1,(anonymous_1)
FNDA:0,(anonymous_2)
FNDA:0,(anonymous_3)
DA:1,1
DA:4,1
DA:9,0
DA:10,0
DA:11,0
DA:12,0
DA:13,0
DA:14,0
DA:15,0
DA:16,0
LF:10
LH:2
BRF:0
BRH:0
end_of_record
TN:
SF:./src/client/app/blocks/exception/exception-handler.provider.js
FN:3,(anonymous_1)
FN:14,exceptionHandlerProvider
FN:20,(anonymous_3)
FN:24,(anonymous_4)
FN:37,config
FN:50,extendExceptionHandler
FN:51,(anonymous_7)
FNF:7
FNH:7
FNDA:1,(anonymous_1)
FNDA:8,exceptionHandlerProvider
FNDA:5,(anonymous_3)
FNDA:10,(anonymous_4)
FNDA:8,config
FNDA:8,extendExceptionHandler
FNDA:1,(anonymous_7)
DA:3,1
DA:6,1
DA:14,1
DA:16,8
DA:20,8
DA:21,5
DA:24,8
DA:25,10
DA:29,1
DA:37,1
DA:38,8
DA:41,1
DA:50,1
DA:51,8
DA:52,1
DA:53,1
DA:54,1
DA:55,1
LF:18
LH:18
BRDA:52,1,0,1
BRDA:52,1,1,0
BRF:2
BRH:1
end_of_record
TN:
SF:./src/client/app/blocks/exception/exception.js
FN:1,(anonymous_1)
FN:9,exception
FN:15,catcher
FN:16,(anonymous_4)
FNF:4
FNH:1
FNDA:1,(anonymous_1)
FNDA:0,exception
FNDA:0,catcher
FNDA:0,(anonymous_4)
DA:1,1
DA:4,1
DA:9,1
DA:10,0
DA:13,0
DA:15,1
DA:16,0
DA:17,0
DA:18,0
DA:19,0
DA:20,0
DA:21,0
DA:23,0
DA:25,0
LF:14
LH:4
BRDA:19,1,0,0
BRDA:19,1,1,0
BRDA:19,2,0,0
BRDA:19,2,1,0
BRF:4
BRH:0
end_of_record
TN:
SF:./src/client/app/blocks/logger/logger.js
FN:1,(anonymous_1)
FN:11,logger
FN:27,error
FN:32,info
FN:37,success
FN:42,warning
FNF:6
FNH:2
FNDA:1,(anonymous_1)
FNDA:8,logger
FNDA:0,error
FNDA:0,info
FNDA:0,success
FNDA:0,warning
DA:1,1
DA:4,1
DA:8,1
DA:11,1
DA:12,8
DA:24,8
DA:27,1
DA:28,0
DA:29,0
DA:32,1
DA:33,0
DA:34,0
DA:37,1
DA:38,0
DA:39,0
DA:42,1
DA:44,0
LF:17
LH:10
BRF:0
BRH:0
end_of_record
TN:
SF:./src/client/app/blocks/router/router-helper.provider.js
FN:2,(anonymous_1)
FN:16,routerHelperProvider
FN:26,(anonymous_3)
FN:33,RouterHelper
FN:54,configureStates
FN:55,(anonymous_6)
FN:66,configureStatesAuthenticated
FN:67,(anonymous_8)
FN:74,handleRoutingErrors
FN:79,(anonymous_10)
FN:97,init
FN:102,getStates
FN:106,updateDocTitle
FN:108,(anonymous_14)
FN:118,(anonymous_15)
FN:120,(anonymous_16)
FN:123,(anonymous_17)
FN:132,run
FN:136,(anonymous_19)
FN:142,(anonymous_20)
FN:159,check
FN:165,authRequired
FN:170,subdomainService
FNF:23
FNH:1
FNDA:1,(anonymous_1)
FNDA:0,routerHelperProvider
FNDA:0,(anonymous_3)
FNDA:0,RouterHelper
FNDA:0,configureStates
FNDA:0,(anonymous_6)
FNDA:0,configureStatesAuthenticated
FNDA:0,(anonymous_8)
FNDA:0,handleRoutingErrors
FNDA:0,(anonymous_10)
FNDA:0,init
FNDA:0,getStates
FNDA:0,updateDocTitle
FNDA:0,(anonymous_14)
FNDA:0,(anonymous_15)
FNDA:0,(anonymous_16)
FNDA:0,(anonymous_17)
FNDA:0,run
FNDA:0,(anonymous_19)
FNDA:0,(anonymous_20)
FNDA:0,check
FNDA:0,authRequired
FNDA:0,subdomainService
DA:2,1
DA:5,1
DA:12,1
DA:13,1
DA:14,1
DA:16,1
DA:18,0
DA:22,0
DA:26,0
DA:27,0
DA:30,0
DA:31,0
DA:33,1
DA:34,0
DA:35,0
DA:36,0
DA:41,0
DA:48,0
DA:50,0
DA:54,1
DA:55,0
DA:56,0
DA:58,0
DA:60,0
DA:61,0
DA:62,0
DA:66,1
DA:67,0
DA:68,0
DA:70,0
DA:74,1
DA:78,0
DA:80,0
DA:81,0
DA:83,0
DA:84,0
DA:85,0
DA:88,0
DA:91,0
DA:92,0
DA:97,1
DA:98,0
DA:99,0
DA:102,1
DA:103,0
DA:106,1
DA:107,0
DA:109,0
DA:110,0
DA:111,0
DA:112,0
DA:118,0
DA:119,0
DA:120,0
DA:121,0
DA:123,0
DA:124,0
DA:126,0
DA:127,0
DA:128,0
DA:132,1
DA:134,0
DA:136,0
DA:137,0
DA:138,0
DA:142,0
DA:144,0
DA:145,0
DA:146,0
DA:148,0
DA:149,0
DA:150,0
DA:153,0
DA:154,0
DA:155,0
DA:159,1
DA:160,0
DA:161,0
DA:165,1
DA:166,0
DA:170,1
DA:171,0
DA:172,0
DA:174,0
DA:175,0
DA:176,0
DA:177,0
DA:180,0
DA:181,0
LF:89
LH:17
BRDA:57,1,0,0
BRDA:57,1,1,0
BRDA:60,2,0,0
BRDA:60,2,1,0
BRDA:60,3,0,0
BRDA:60,3,1,0
BRDA:69,4,0,0
BRDA:69,4,1,0
BRDA:80,5,0,0
BRDA:80,5,1,0
BRDA:85,6,0,0
BRDA:85,6,1,0
BRDA:85,6,2,0
BRDA:85,6,3,0
BRDA:85,6,4,0
BRDA:89,7,0,0
BRDA:89,7,1,0
BRDA:89,8,0,0
BRDA:89,8,1,0
BRDA:90,9,0,0
BRDA:90,9,1,0
BRDA:111,10,0,0
BRDA:111,10,1,0
BRDA:119,11,0,0
BRDA:119,11,1,0
BRDA:137,12,0,0
BRDA:137,12,1,0
BRDA:144,13,0,0
BRDA:144,13,1,0
BRDA:144,14,0,0
BRDA:144,14,1,0
BRDA:144,14,2,0
BRDA:148,15,0,0
BRDA:148,15,1,0
BRDA:148,16,0,0
BRDA:148,16,1,0
BRDA:153,17,0,0
BRDA:153,17,1,0
BRDA:160,18,0,0
BRDA:160,18,1,0
BRDA:160,19,0,0
BRDA:160,19,1,0
BRDA:174,20,0,0
BRDA:174,20,1,0
BRDA:176,21,0,0
BRDA:176,21,1,0
BRDA:176,22,0,0
BRDA:176,22,1,0
BRF:48
BRH:0
end_of_record
TN:
SF:./src/client/app/contatos/contatos.controller.js
FN:1,(anonymous_1)
FN:10,ContatosCtrl
FN:21,activate
FN:33,(anonymous_4)
FN:40,(anonymous_5)
FN:46,salvarContato
FN:66,excluirContato
FN:71,showNovoContatoModal
FN:76,showEditContatoModal
FN:81,hideNovoContatoModal
FNF:10
FNH:1
FNDA:1,(anonymous_1)
FNDA:0,ContatosCtrl
FNDA:0,activate
FNDA:0,(anonymous_4)
FNDA:0,(anonymous_5)
FNDA:0,salvarContato
FNDA:0,excluirContato
FNDA:0,showNovoContatoModal
FNDA:0,showEditContatoModal
FNDA:0,hideNovoContatoModal
DA:1,1
DA:4,1
DA:8,1
DA:10,1
DA:11,0
DA:12,0
DA:13,0
DA:14,0
DA:15,0
DA:16,0
DA:17,0
DA:19,0
DA:21,1
DA:22,0
DA:31,0
DA:33,0
DA:34,0
DA:35,0
DA:36,0
DA:40,0
DA:41,0
DA:42,0
DA:46,1
DA:47,0
DA:48,0
DA:49,0
DA:51,0
DA:52,0
DA:53,0
DA:56,0
DA:57,0
DA:58,0
DA:60,0
DA:61,0
DA:62,0
DA:66,1
DA:67,0
DA:68,0
DA:71,1
DA:72,0
DA:73,0
DA:76,1
DA:77,0
DA:78,0
DA:81,1
DA:82,0
LF:46
LH:10
BRDA:34,1,0,0
BRDA:34,1,1,0
BRDA:47,2,0,0
BRDA:47,2,1,0
BRDA:48,3,0,0
BRDA:48,3,1,0
BRDA:57,4,0,0
BRDA:57,4,1,0
BRF:8
BRH:0
end_of_record
TN:
SF:./src/client/app/contatos/contatos.route.js
FN:1,(anonymous_1)
FN:10,appRun
FN:14,getStates
FNF:3
FNH:1
FNDA:1,(anonymous_1)
FNDA:0,appRun
FNDA:0,getStates
DA:1,1
DA:4,1
DA:8,1
DA:10,1
DA:11,0
DA:14,1
DA:15,0
LF:7
LH:5
BRF:0
BRH:0
end_of_record
TN:
SF:./src/client/app/core/angularfire/auth.js
FN:1,(anonymous_1)
FN:5,(anonymous_2)
FNF:2
FNH:1
FNDA:1,(anonymous_1)
FNDA:0,(anonymous_2)
DA:1,1
DA:3,1
DA:6,0
LF:3
LH:2
BRF:0
BRH:0
end_of_record
TN:
SF:./src/client/app/core/angularfire/config.js
FNF:0
FNH:0
DA:1,1
LF:1
LH:1
BRF:0
BRH:0
end_of_record
TN:
SF:./src/client/app/core/angularfire/firebase.ref.js
FN:2,(anonymous_1)
FNF:1
FNH:0
FNDA:0,(anonymous_1)
DA:1,1
DA:4,0
LF:2
LH:1
BRF:0
BRH:0
end_of_record
TN:
SF:./src/client/app/core/config.js
FN:1,(anonymous_1)
FN:10,toastrConfig
FN:26,configure
FNF:3
FNH:1
FNDA:1,(anonymous_1)
FNDA:0,toastrConfig
FNDA:0,configure
DA:1,1
DA:4,1
DA:6,1
DA:8,1
DA:10,1
DA:11,0
DA:12,0
DA:15,1
DA:20,1
DA:22,1
DA:24,1
DA:26,1
DA:27,0
DA:28,0
DA:30,0
DA:31,0
LF:16
LH:10
BRDA:27,1,0,0
BRDA:27,1,1,0
BRF:2
BRH:0
end_of_record
TN:
SF:./src/client/app/core/constants.js
FN:2,(anonymous_1)
FNF:1
FNH:1
FNDA:1,(anonymous_1)
DA:2,1
DA:5,1
LF:2
LH:2
BRF:0
BRH:0
end_of_record
TN:
SF:./src/client/app/core/core.route.js
FN:1,(anonymous_1)
FN:9,appRun
FN:14,getStates
FNF:3
FNH:1
FNDA:1,(anonymous_1)
FNDA:0,appRun
FNDA:0,getStates
DA:1,1
DA:4,1
DA:9,1
DA:10,0
DA:11,0
DA:14,1
DA:15,0
LF:7
LH:4
BRF:0
BRH:0
end_of_record
TN:
SF:./src/client/app/core/dataservice.js
FN:1,(anonymous_1)
FN:28,FilteredArray
FN:30,FilteredArray
FN:34,(anonymous_4)
FN:43,ScrollArray
FN:44,(anonymous_6)
FN:52,PageArray
FN:53,(anonymous_8)
FN:62,(anonymous_9)
FN:68,(anonymous_10)
FN:78,quadraService
FN:93,getRef
FN:97,getQuadra
FN:101,getQuadras
FN:105,getQuadrasArena
FN:122,getQuadrasLight
FN:135,remove
FN:153,arenaService
FN:170,getRef
FN:174,getArena
FN:178,getQuadras
FN:182,isValidArenaName
FN:183,(anonymous_23)
FN:188,getAlbum
FN:192,getNotificacoes
FN:198,getNotificacoesNaoLidas
FN:204,setLocation
FN:211,funcionamentoService
FN:221,getPreco
FN:227,getPrecos
FN:231,salvarNovoPreco
FN:248,(anonymous_32)
FN:250,(anonymous_33)
FN:270,isValidPrice
FN:271,(anonymous_35)
FN:272,(anonymous_36)
FN:280,reservasService
FN:303,getRef
FN:307,getFilteredArray
FN:312,getAll
FN:316,getReserva
FN:320,refTurmas
FN:324,refMensalistas
FN:328,refAvulsas
FN:332,getTurmas
FN:352,getMensalistas
FN:372,getAvulsar
FN:390,verificaHorarioPeriodo
FN:397,(anonymous_49)
FN:398,(anonymous_50)
FN:419,criarReservaAvulsa
FN:422,(anonymous_52)
FN:437,(anonymous_53)
FN:439,(anonymous_54)
FN:452,criarReservaRecorrente
FN:455,(anonymous_56)
FN:459,(anonymous_57)
FN:463,(anonymous_58)
FN:490,(anonymous_59)
FN:498,(anonymous_60)
FN:512,contatosService
FN:527,getRef
FN:531,refContatos
FN:535,getContato
FN:539,getContatos
FN:543,searchContatos
FN:548,refContatosArena
FN:564,(anonymous_68)
FN:570,getContatosArena
FN:575,getContatosArenaLight
FN:588,(anonymous_71)
FN:596,addNovoContato
FN:603,usersService
FN:611,getRef
FN:615,getUserProfile
FN:620,financeiroService
FN:628,getRef
FN:632,getPagamentosReserva
FNF:78
FNH:1
FNDA:1,(anonymous_1)
FNDA:0,FilteredArray
FNDA:0,FilteredArray
FNDA:0,(anonymous_4)
FNDA:0,ScrollArray
FNDA:0,(anonymous_6)
FNDA:0,PageArray
FNDA:0,(anonymous_8)
FNDA:0,(anonymous_9)
FNDA:0,(anonymous_10)
FNDA:0,quadraService
FNDA:0,getRef
FNDA:0,getQuadra
FNDA:0,getQuadras
FNDA:0,getQuadrasArena
FNDA:0,getQuadrasLight
FNDA:0,remove
FNDA:0,arenaService
FNDA:0,getRef
FNDA:0,getArena
FNDA:0,getQuadras
FNDA:0,isValidArenaName
FNDA:0,(anonymous_23)
FNDA:0,getAlbum
FNDA:0,getNotificacoes
FNDA:0,getNotificacoesNaoLidas
FNDA:0,setLocation
FNDA:0,funcionamentoService
FNDA:0,getPreco
FNDA:0,getPrecos
FNDA:0,salvarNovoPreco
FNDA:0,(anonymous_32)
FNDA:0,(anonymous_33)
FNDA:0,isValidPrice
FNDA:0,(anonymous_35)
FNDA:0,(anonymous_36)
FNDA:0,reservasService
FNDA:0,getRef
FNDA:0,getFilteredArray
FNDA:0,getAll
FNDA:0,getReserva
FNDA:0,refTurmas
FNDA:0,refMensalistas
FNDA:0,refAvulsas
FNDA:0,getTurmas
FNDA:0,getMensalistas
FNDA:0,getAvulsar
FNDA:0,verificaHorarioPeriodo
FNDA:0,(anonymous_49)
FNDA:0,(anonymous_50)
FNDA:0,criarReservaAvulsa
FNDA:0,(anonymous_52)
FNDA:0,(anonymous_53)
FNDA:0,(anonymous_54)
FNDA:0,criarReservaRecorrente
FNDA:0,(anonymous_56)
FNDA:0,(anonymous_57)
FNDA:0,(anonymous_58)
FNDA:0,(anonymous_59)
FNDA:0,(anonymous_60)
FNDA:0,contatosService
FNDA:0,getRef
FNDA:0,refContatos
FNDA:0,getContato
FNDA:0,getContatos
FNDA:0,searchContatos
FNDA:0,refContatosArena
FNDA:0,(anonymous_68)
FNDA:0,getContatosArena
FNDA:0,getContatosArenaLight
FNDA:0,(anonymous_71)
FNDA:0,addNovoContato
FNDA:0,usersService
FNDA:0,getRef
FNDA:0,getUserProfile
FNDA:0,financeiroService
FNDA:0,getRef
FNDA:0,getPagamentosReserva
DA:1,1
DA:4,1
DA:17,1
DA:18,1
DA:19,1
DA:20,1
DA:21,1
DA:22,1
DA:23,1
DA:25,1
DA:26,1
DA:28,1
DA:30,1
DA:31,0
DA:32,0
DA:34,0
DA:35,0
DA:36,0
DA:37,0
DA:40,0
DA:43,1
DA:44,0
DA:45,0
DA:46,0
DA:47,0
DA:48,0
DA:52,1
DA:53,0
DA:55,0
DA:57,0
DA:59,0
DA:62,0
DA:63,0
DA:64,0
DA:68,0
DA:69,0
DA:73,0
DA:74,0
DA:78,1
DA:79,0
DA:91,0
DA:93,1
DA:94,0
DA:97,1
DA:98,0
DA:101,1
DA:102,0
DA:105,1
DA:106,0
DA:119,0
DA:122,1
DA:123,0
DA:132,0
DA:135,1
DA:136,0
DA:149,0
DA:153,1
DA:155,0
DA:168,0
DA:170,1
DA:171,0
DA:174,1
DA:175,0
DA:178,1
DA:179,0
DA:182,1
DA:183,0
DA:184,0
DA:188,1
DA:189,0
DA:192,1
DA:193,0
DA:195,0
DA:198,1
DA:199,0
DA:201,0
DA:204,1
DA:205,0
DA:207,0
DA:211,1
DA:212,0
DA:219,0
DA:221,1
DA:222,0
DA:227,1
DA:228,0
DA:231,1
DA:232,0
DA:234,0
DA:245,0
DA:246,0
DA:247,0
DA:248,0
DA:249,0
DA:250,0
DA:251,0
DA:256,0
DA:260,0
DA:264,0
DA:267,0
DA:270,1
DA:271,0
DA:272,0
DA:273,0
DA:280,1
DA:281,0
DA:301,0
DA:303,1
DA:304,0
DA:307,1
DA:308,0
DA:309,0
DA:312,1
DA:313,0
DA:316,1
DA:317,0
DA:320,1
DA:321,0
DA:324,1
DA:325,0
DA:328,1
DA:329,0
DA:332,1
DA:333,0
DA:349,0
DA:352,1
DA:353,0
DA:369,0
DA:372,1
DA:373,0
DA:387,0
DA:390,1
DA:391,0
DA:393,0
DA:394,0
DA:397,0
DA:398,0
DA:399,0
DA:400,0
DA:401,0
DA:402,0
DA:411,0
DA:414,0
DA:416,0
DA:419,1
DA:420,0
DA:422,0
DA:424,0
DA:425,0
DA:426,0
DA:437,0
DA:438,0
DA:440,0
DA:444,0
DA:449,0
DA:452,1
DA:453,0
DA:455,0
DA:457,0
DA:458,0
DA:459,0
DA:460,0
DA:461,0
DA:463,0
DA:464,0
DA:466,0
DA:467,0
DA:469,0
DA:470,0
DA:471,0
DA:473,0
DA:483,0
DA:484,0
DA:486,0
DA:490,0
DA:491,0
DA:492,0
DA:495,0
DA:499,0
DA:503,0
DA:508,0
DA:512,1
DA:513,0
DA:525,0
DA:527,1
DA:528,0
DA:531,1
DA:532,0
DA:535,1
DA:536,0
DA:539,1
DA:540,0
DA:543,1
DA:544,0
DA:545,0
DA:548,1
DA:549,0
DA:563,0
DA:564,0
DA:567,0
DA:570,1
DA:571,0
DA:572,0
DA:575,1
DA:576,0
DA:587,0
DA:588,0
DA:591,0
DA:593,0
DA:596,1
DA:597,0
DA:598,0
DA:603,1
DA:604,0
DA:609,0
DA:611,1
DA:612,0
DA:615,1
DA:616,0
DA:620,1
DA:621,0
DA:626,0
DA:628,1
DA:629,0
DA:632,1
DA:633,0
LF:226
LH:66
BRDA:36,1,0,0
BRDA:36,1,1,0
BRDA:36,2,0,0
BRDA:36,2,1,0
BRDA:245,3,0,0
BRDA:245,3,1,0
BRDA:246,4,0,0
BRDA:246,4,1,0
BRDA:247,5,0,0
BRDA:247,5,1,0
BRDA:273,6,0,0
BRDA:273,6,1,0
BRDA:273,6,2,0
BRDA:402,7,0,0
BRDA:402,7,1,0
BRDA:402,8,0,0
BRDA:402,8,1,0
BRDA:402,8,2,0
BRDA:402,8,3,0
BRDA:402,8,4,0
BRDA:402,8,5,0
BRDA:402,8,6,0
BRDA:402,8,7,0
BRDA:424,9,0,0
BRDA:424,9,1,0
BRDA:457,10,0,0
BRDA:457,10,1,0
BRDA:491,11,0,0
BRDA:491,11,1,0
BRF:29
BRH:0
end_of_record
TN:
SF:./src/client/app/core/directives/ngHideAuth.js
FN:3,(anonymous_1)
FN:8,(anonymous_2)
FN:10,update
FN:13,(anonymous_4)
FNF:4
FNH:0
FNDA:0,(anonymous_1)
FNDA:0,(anonymous_2)
FNDA:0,update
FNDA:0,(anonymous_4)
DA:2,1
DA:6,0
DA:9,0
DA:10,1
DA:13,0
DA:14,0
DA:18,0
DA:19,0
LF:8
LH:2
BRF:0
BRH:0
end_of_record
TN:
SF:./src/client/app/core/directives/ngShowAuth.js
FN:3,(anonymous_1)
FN:8,(anonymous_2)
FN:11,update
FN:14,(anonymous_4)
FNF:4
FNH:0
FNDA:0,(anonymous_1)
FNDA:0,(anonymous_2)
FNDA:0,update
FNDA:0,(anonymous_4)
DA:2,1
DA:6,0
DA:9,0
DA:11,1
DA:14,0
DA:15,0
DA:19,0
DA:20,0
LF:8
LH:2
BRF:0
BRH:0
end_of_record
TN:
SF:./src/client/app/core/filters/brasil-format.filter.js
FN:3,(anonymous_1)
FN:4,(anonymous_2)
FN:12,(anonymous_3)
FN:13,(anonymous_4)
FN:25,(anonymous_5)
FN:26,(anonymous_6)
FN:36,(anonymous_7)
FN:37,(anonymous_8)
FNF:8
FNH:0
FNDA:0,(anonymous_1)
FNDA:0,(anonymous_2)
FNDA:0,(anonymous_3)
FNDA:0,(anonymous_4)
FNDA:0,(anonymous_5)
FNDA:0,(anonymous_6)
FNDA:0,(anonymous_7)
FNDA:0,(anonymous_8)
DA:3,1
DA:4,0
DA:5,0
DA:6,0
DA:7,0
DA:8,0
DA:12,1
DA:13,0
DA:15,0
DA:16,0
DA:17,0
DA:18,0
DA:19,0
DA:20,0
DA:21,0
DA:25,1
DA:26,0
DA:27,0
DA:28,0
DA:29,0
DA:30,0
DA:31,0
DA:32,0
DA:36,1
DA:37,0
DA:38,0
DA:39,0
DA:40,0
DA:41,0
DA:43,0
DA:45,0
LF:31
LH:4
BRDA:40,1,0,0
BRDA:40,1,1,0
BRF:2
BRH:0
end_of_record
TN:
SF:./src/client/app/core/filters/datetime.filter.js
FN:4,(anonymous_1)
FN:5,(anonymous_2)
FN:13,(anonymous_3)
FN:14,(anonymous_4)
FNF:4
FNH:0
FNDA:0,(anonymous_1)
FNDA:0,(anonymous_2)
FNDA:0,(anonymous_3)
FNDA:0,(anonymous_4)
DA:3,1
DA:5,0
DA:6,0
DA:7,0
DA:9,0
DA:14,0
DA:15,0
LF:7
LH:1
BRDA:6,1,0,0
BRDA:6,1,1,0
BRF:2
BRH:0
end_of_record
TN:
SF:./src/client/app/core/filters/default-image.filter.js
FN:4,(anonymous_1)
FN:5,(anonymous_2)
FNF:2
FNH:0
FNDA:0,(anonymous_1)
FNDA:0,(anonymous_2)
DA:3,1
DA:5,0
DA:6,0
DA:7,0
DA:9,0
LF:5
LH:1
BRDA:6,1,0,0
BRDA:6,1,1,0
BRF:2
BRH:0
end_of_record
TN:
SF:./src/client/app/core/filters/maps-address.filter.js
FN:4,(anonymous_1)
FN:5,(anonymous_2)
FNF:2
FNH:0
FNDA:0,(anonymous_1)
FNDA:0,(anonymous_2)
DA:3,1
DA:5,0
DA:6,0
DA:7,0
DA:9,0
LF:5
LH:1
BRDA:6,1,0,0
BRDA:6,1,1,0
BRF:2
BRH:0
end_of_record
TN:
SF:./src/client/app/core/filters/reverse.js
FN:4,(anonymous_1)
FN:5,(anonymous_2)
FNF:2
FNH:0
FNDA:0,(anonymous_1)
FNDA:0,(anonymous_2)
DA:3,1
DA:5,0
DA:6,0
LF:3
LH:1
BRDA:6,1,0,0
BRDA:6,1,1,0
BRF:2
BRH:0
end_of_record
TN:
SF:./src/client/app/dashboard/dashboard.controller.js
FN:1,(anonymous_1)
FN:10,DashboardController
FNF:2
FNH:1
FNDA:1,(anonymous_1)
FNDA:0,DashboardController
DA:1,1
DA:4,1
DA:8,1
DA:10,1
DA:11,0
LF:5
LH:4
BRF:0
BRH:0
end_of_record
TN:
SF:./src/client/app/dashboard/dashboard.route.js
FN:1,(anonymous_1)
FN:10,appRun
FN:14,getStates
FNF:3
FNH:1
FNDA:1,(anonymous_1)
FNDA:0,appRun
FNDA:0,getStates
DA:1,1
DA:4,1
DA:8,1
DA:10,1
DA:11,0
DA:14,1
DA:15,0
LF:7
LH:5
BRF:0
BRH:0
end_of_record
TN:
SF:./src/client/app/escolinhas/escolinhas-form.controller.js
FN:2,(anonymous_1)
FN:18,EscolinhasFormCtrl
FN:29,activate
FN:43,initReservaSelecionada
FN:44,(anonymous_5)
FN:45,(anonymous_6)
FN:59,(anonymous_7)
FN:67,salvarNovaTurma
FN:85,(anonymous_9)
FN:88,(anonymous_10)
FN:93,(anonymous_11)
FN:96,(anonymous_12)
FN:102,hideModalForm
FN:106,initDiasSemana
FN:118,showNovoContatoModal
FN:123,salvarContato
FNF:16
FNH:1
FNDA:1,(anonymous_1)
FNDA:0,EscolinhasFormCtrl
FNDA:0,activate
FNDA:0,initReservaSelecionada
FNDA:0,(anonymous_5)
FNDA:0,(anonymous_6)
FNDA:0,(anonymous_7)
FNDA:0,salvarNovaTurma
FNDA:0,(anonymous_9)
FNDA:0,(anonymous_10)
FNDA:0,(anonymous_11)
FNDA:0,(anonymous_12)
FNDA:0,hideModalForm
FNDA:0,initDiasSemana
FNDA:0,showNovoContatoModal
FNDA:0,salvarContato
DA:2,1
DA:5,1
DA:9,1
DA:18,1
DA:19,0
DA:20,0
DA:21,0
DA:22,0
DA:23,0
DA:24,0
DA:25,0
DA:27,0
DA:29,1
DA:30,0
DA:38,0
DA:40,0
DA:43,1
DA:44,0
DA:45,0
DA:46,0
DA:47,0
DA:48,0
DA:59,0
DA:60,0
DA:67,1
DA:69,0
DA:84,0
DA:85,0
DA:86,0
DA:87,0
DA:89,0
DA:93,0
DA:94,0
DA:95,0
DA:97,0
DA:102,1
DA:103,0
DA:106,1
DA:107,0
DA:118,1
DA:119,0
DA:120,0
DA:123,1
DA:124,0
LF:44
LH:11
BRDA:47,1,0,0
BRDA:47,1,1,0
BRDA:84,2,0,0
BRDA:84,2,1,0
BRF:4
BRH:0
end_of_record
TN:
SF:./src/client/app/escolinhas/escolinhas.controller.js
FN:2,(anonymous_1)
FN:16,EscolinhasCtrl
FN:32,activate
FN:34,(anonymous_4)
FN:45,loadMore
FN:48,(anonymous_6)
FN:54,editTurma
FN:59,showEscolinhasForm
FN:63,hideModalForm
FNF:9
FNH:1
FNDA:1,(anonymous_1)
FNDA:0,EscolinhasCtrl
FNDA:0,activate
FNDA:0,(anonymous_4)
FNDA:0,loadMore
FNDA:0,(anonymous_6)
FNDA:0,editTurma
FNDA:0,showEscolinhasForm
FNDA:0,hideModalForm
DA:2,1
DA:5,1
DA:9,1
DA:16,1
DA:17,0
DA:18,0
DA:19,0
DA:20,0
DA:21,0
DA:22,0
DA:23,0
DA:30,0
DA:32,1
DA:33,0
DA:34,0
DA:35,0
DA:36,0
DA:37,0
DA:40,0
DA:45,1
DA:46,0
DA:47,0
DA:48,0
DA:49,0
DA:50,0
DA:54,1
DA:55,0
DA:56,0
DA:59,1
DA:60,0
DA:63,1
DA:64,0
LF:32
LH:9
BRDA:35,1,0,0
BRDA:35,1,1,0
BRF:2
BRH:0
end_of_record
TN:
SF:./src/client/app/escolinhas/escolinhas.route.js
FN:1,(anonymous_1)
FN:10,appRun
FN:14,getStates
FNF:3
FNH:1
FNDA:1,(anonymous_1)
FNDA:0,appRun
FNDA:0,getStates
DA:1,1
DA:4,1
DA:8,1
DA:10,1
DA:11,0
DA:14,1
DA:15,0
LF:7
LH:5
BRF:0
BRH:0
end_of_record
TN:
SF:./src/client/app/home/home.controller.js
FN:1,(anonymous_1)
FN:10,HomeCtrl
FNF:2
FNH:1
FNDA:1,(anonymous_1)
FNDA:0,HomeCtrl
DA:1,1
DA:4,1
DA:8,1
DA:10,1
DA:11,0
LF:5
LH:4
BRF:0
BRH:0
end_of_record
TN:
SF:./src/client/app/home/home.route.js
FN:1,(anonymous_1)
FN:10,appRun
FN:14,getStates
FNF:3
FNH:1
FNDA:1,(anonymous_1)
FNDA:0,appRun
FNDA:0,getStates
DA:1,1
DA:4,1
DA:8,1
DA:10,1
DA:11,0
DA:14,1
DA:15,0
LF:7
LH:5
BRF:0
BRH:0
end_of_record
TN:
SF:./src/client/app/login/login.controller.js
FN:1,(anonymous_1)
FN:20,LoginCtrl
FN:36,(anonymous_3)
FN:41,(anonymous_4)
FN:46,(anonymous_5)
FN:54,(anonymous_6)
FN:58,(anonymous_7)
FN:74,(anonymous_8)
FN:84,(anonymous_9)
FN:92,createProfile
FN:94,(anonymous_11)
FN:95,(anonymous_12)
FN:108,firstPartOfEmail
FN:113,ucfirst
FN:120,redirect
FN:123,(anonymous_16)
FN:144,showError
FNF:17
FNH:1
FNDA:1,(anonymous_1)
FNDA:0,LoginCtrl
FNDA:0,(anonymous_3)
FNDA:0,(anonymous_4)
FNDA:0,(anonymous_5)
FNDA:0,(anonymous_6)
FNDA:0,(anonymous_7)
FNDA:0,(anonymous_8)
FNDA:0,(anonymous_9)
FNDA:0,createProfile
FNDA:0,(anonymous_11)
FNDA:0,(anonymous_12)
FNDA:0,firstPartOfEmail
FNDA:0,ucfirst
FNDA:0,redirect
FNDA:0,(anonymous_16)
FNDA:0,showError
DA:1,1
DA:4,1
DA:8,1
DA:20,1
DA:32,0
DA:33,0
DA:34,0
DA:36,0
DA:37,0
DA:38,0
DA:41,0
DA:42,0
DA:43,0
DA:46,0
DA:47,0
DA:48,0
DA:49,0
DA:54,0
DA:55,0
DA:56,0
DA:59,0
DA:60,0
DA:61,0
DA:63,0
DA:64,0
DA:66,0
DA:69,0
DA:74,0
DA:75,0
DA:76,0
DA:77,0
DA:79,0
DA:80,0
DA:83,0
DA:86,0
DA:92,1
DA:93,0
DA:94,0
DA:95,0
DA:96,0
DA:97,0
DA:100,0
DA:104,0
DA:108,1
DA:110,0
DA:113,1
DA:115,0
DA:116,0
DA:117,0
DA:120,1
DA:121,0
DA:123,0
DA:124,0
DA:125,0
DA:126,0
DA:127,0
DA:138,0
DA:139,0
DA:144,1
DA:145,0
DA:146,0
DA:147,0
DA:149,0
DA:150,0
LF:64
LH:9
BRDA:60,1,0,0
BRDA:60,1,1,0
BRDA:61,2,0,0
BRDA:61,2,1,0
BRDA:76,3,0,0
BRDA:76,3,1,0
BRDA:79,4,0,0
BRDA:79,4,1,0
BRDA:96,5,0,0
BRDA:96,5,1,0
BRDA:110,6,0,0
BRDA:110,6,1,0
BRDA:125,7,0,0
BRDA:125,7,1,0
BRDA:146,8,0,0
BRDA:146,8,1,0
BRDA:149,9,0,0
BRDA:149,9,1,0
BRF:18
BRH:0
end_of_record
TN:
SF:./src/client/app/login/login.route.js
FN:1,(anonymous_1)
FN:10,appRun
FN:14,getStates
FNF:3
FNH:1
FNDA:1,(anonymous_1)
FNDA:0,appRun
FNDA:0,getStates
DA:1,1
DA:4,1
DA:8,1
DA:10,1
DA:11,0
DA:14,1
DA:15,0
LF:7
LH:5
BRF:0
BRH:0
end_of_record
TN:
SF:./src/client/app/reservas/avulsas/avulsas-form.controller.js
FN:2,(anonymous_1)
FN:18,AvulsasFormCtrl
FN:30,activate
FN:46,salvarNovaReserva
FN:61,(anonymous_5)
FN:64,(anonymous_6)
FN:71,(anonymous_7)
FN:74,(anonymous_8)
FN:81,hideModalForm
FN:85,initForm
FN:105,showNovoContatoModal
FN:110,salvarContato
FNF:12
FNH:1
FNDA:1,(anonymous_1)
FNDA:0,AvulsasFormCtrl
FNDA:0,activate
FNDA:0,salvarNovaReserva
FNDA:0,(anonymous_5)
FNDA:0,(anonymous_6)
FNDA:0,(anonymous_7)
FNDA:0,(anonymous_8)
FNDA:0,hideModalForm
FNDA:0,initForm
FNDA:0,showNovoContatoModal
FNDA:0,salvarContato
DA:2,1
DA:5,1
DA:9,1
DA:18,1
DA:19,0
DA:20,0
DA:21,0
DA:22,0
DA:23,0
DA:24,0
DA:25,0
DA:26,0
DA:28,0
DA:30,1
DA:31,0
DA:32,0
DA:33,0
DA:35,0
DA:43,0
DA:46,1
DA:48,0
DA:60,0
DA:61,0
DA:62,0
DA:63,0
DA:65,0
DA:69,0
DA:71,0
DA:72,0
DA:73,0
DA:75,0
DA:81,1
DA:82,0
DA:85,1
DA:86,0
DA:92,0
DA:100,0
DA:102,0
DA:105,1
DA:106,0
DA:107,0
DA:110,1
DA:111,0
LF:43
LH:10
BRDA:31,1,0,0
BRDA:31,1,1,0
BRDA:60,2,0,0
BRDA:60,2,1,0
BRF:4
BRH:0
end_of_record
TN:
SF:./src/client/app/reservas/avulsas/avulsas.controller.js
FN:2,(anonymous_1)
FN:16,AvulsasCtrl
FN:32,activate
FN:34,(anonymous_4)
FN:45,loadMore
FN:48,(anonymous_6)
FN:54,showModalForm
FN:58,hideModalForm
FNF:8
FNH:1
FNDA:1,(anonymous_1)
FNDA:0,AvulsasCtrl
FNDA:0,activate
FNDA:0,(anonymous_4)
FNDA:0,loadMore
FNDA:0,(anonymous_6)
FNDA:0,showModalForm
FNDA:0,hideModalForm
DA:2,1
DA:5,1
DA:9,1
DA:16,1
DA:17,0
DA:18,0
DA:19,0
DA:20,0
DA:21,0
DA:22,0
DA:23,0
DA:30,0
DA:32,1
DA:33,0
DA:34,0
DA:35,0
DA:36,0
DA:37,0
DA:40,0
DA:45,1
DA:46,0
DA:47,0
DA:48,0
DA:49,0
DA:50,0
DA:54,1
DA:55,0
DA:58,1
DA:59,0
LF:29
LH:8
BRDA:35,1,0,0
BRDA:35,1,1,0
BRF:2
BRH:0
end_of_record
TN:
SF:./src/client/app/reservas/avulsas/avulsas.route.js
FN:1,(anonymous_1)
FN:10,appRun
FN:14,getStates
FNF:3
FNH:1
FNDA:1,(anonymous_1)
FNDA:0,appRun
FNDA:0,getStates
DA:1,1
DA:4,1
DA:8,1
DA:10,1
DA:11,0
DA:14,1
DA:15,0
LF:7
LH:5
BRF:0
BRH:0
end_of_record
TN:
SF:./src/client/app/reservas/escolinhas/escolinhas-form.controller.js
FN:2,(anonymous_1)
FN:18,EscolinhasFormCtrl
FN:29,activate
FN:43,initReservaSelecionada
FN:44,(anonymous_5)
FN:45,(anonymous_6)
FN:59,(anonymous_7)
FN:67,salvarNovaTurma
FN:85,(anonymous_9)
FN:88,(anonymous_10)
FN:93,(anonymous_11)
FN:96,(anonymous_12)
FN:102,hideModalForm
FN:106,initDiasSemana
FN:118,showNovoContatoModal
FN:123,salvarContato
FNF:16
FNH:1
FNDA:1,(anonymous_1)
FNDA:0,EscolinhasFormCtrl
FNDA:0,activate
FNDA:0,initReservaSelecionada
FNDA:0,(anonymous_5)
FNDA:0,(anonymous_6)
FNDA:0,(anonymous_7)
FNDA:0,salvarNovaTurma
FNDA:0,(anonymous_9)
FNDA:0,(anonymous_10)
FNDA:0,(anonymous_11)
FNDA:0,(anonymous_12)
FNDA:0,hideModalForm
FNDA:0,initDiasSemana
FNDA:0,showNovoContatoModal
FNDA:0,salvarContato
DA:2,1
DA:5,1
DA:9,1
DA:18,1
DA:19,0
DA:20,0
DA:21,0
DA:22,0
DA:23,0
DA:24,0
DA:25,0
DA:27,0
DA:29,1
DA:30,0
DA:38,0
DA:40,0
DA:43,1
DA:44,0
DA:45,0
DA:46,0
DA:47,0
DA:48,0
DA:59,0
DA:60,0
DA:67,1
DA:69,0
DA:84,0
DA:85,0
DA:86,0
DA:87,0
DA:89,0
DA:93,0
DA:94,0
DA:95,0
DA:97,0
DA:102,1
DA:103,0
DA:106,1
DA:107,0
DA:118,1
DA:119,0
DA:120,0
DA:123,1
DA:124,0
LF:44
LH:11
BRDA:47,1,0,0
BRDA:47,1,1,0
BRDA:84,2,0,0
BRDA:84,2,1,0
BRF:4
BRH:0
end_of_record
TN:
SF:./src/client/app/reservas/escolinhas/escolinhas.controller.js
FN:2,(anonymous_1)
FN:16,EscolinhasCtrl
FN:32,activate
FN:34,(anonymous_4)
FN:45,loadMore
FN:48,(anonymous_6)
FN:54,editTurma
FN:59,showEscolinhasForm
FN:63,hideModalForm
FNF:9
FNH:1
FNDA:1,(anonymous_1)
FNDA:0,EscolinhasCtrl
FNDA:0,activate
FNDA:0,(anonymous_4)
FNDA:0,loadMore
FNDA:0,(anonymous_6)
FNDA:0,editTurma
FNDA:0,showEscolinhasForm
FNDA:0,hideModalForm
DA:2,1
DA:5,1
DA:9,1
DA:16,1
DA:17,0
DA:18,0
DA:19,0
DA:20,0
DA:21,0
DA:22,0
DA:23,0
DA:30,0
DA:32,1
DA:33,0
DA:34,0
DA:35,0
DA:36,0
DA:37,0
DA:40,0
DA:45,1
DA:46,0
DA:47,0
DA:48,0
DA:49,0
DA:50,0
DA:54,1
DA:55,0
DA:56,0
DA:59,1
DA:60,0
DA:63,1
DA:64,0
LF:32
LH:9
BRDA:35,1,0,0
BRDA:35,1,1,0
BRF:2
BRH:0
end_of_record
TN:
SF:./src/client/app/reservas/escolinhas/escolinhas.route.js
FN:1,(anonymous_1)
FN:10,appRun
FN:14,getStates
FNF:3
FNH:1
FNDA:1,(anonymous_1)
FNDA:0,appRun
FNDA:0,getStates
DA:1,1
DA:4,1
DA:8,1
DA:10,1
DA:11,0
DA:14,1
DA:15,0
LF:7
LH:5
BRF:0
BRH:0
end_of_record
TN:
SF:./src/client/app/reservas/mensalistas/mensalistas-form.controller.js
FN:2,(anonymous_1)
FN:18,MensalistasFormCtrl
FN:30,activate
FN:42,salvarnovoMensalista
FN:56,(anonymous_5)
FN:59,(anonymous_6)
FN:64,hideModalForm
FN:68,initForm
FN:97,showNovoContatoModal
FN:102,salvarContato
FNF:10
FNH:1
FNDA:1,(anonymous_1)
FNDA:0,MensalistasFormCtrl
FNDA:0,activate
FNDA:0,salvarnovoMensalista
FNDA:0,(anonymous_5)
FNDA:0,(anonymous_6)
FNDA:0,hideModalForm
FNDA:0,initForm
FNDA:0,showNovoContatoModal
FNDA:0,salvarContato
DA:2,1
DA:5,1
DA:9,1
DA:18,1
DA:19,0
DA:20,0
DA:21,0
DA:22,0
DA:23,0
DA:24,0
DA:25,0
DA:26,0
DA:28,0
DA:30,1
DA:31,0
DA:39,0
DA:42,1
DA:44,0
DA:56,0
DA:57,0
DA:58,0
DA:60,0
DA:64,1
DA:65,0
DA:68,1
DA:69,0
DA:77,0
DA:83,0
DA:93,0
DA:94,0
DA:97,1
DA:98,0
DA:99,0
DA:102,1
DA:103,0
LF:35
LH:10
BRF:0
BRH:0
end_of_record
TN:
SF:./src/client/app/reservas/mensalistas/mensalistas.controller.js
FN:2,(anonymous_1)
FN:16,MensalistasCtrl
FN:31,activate
FN:33,(anonymous_4)
FN:44,loadMore
FN:46,(anonymous_6)
FN:52,showModalForm
FN:56,hideModalForm
FNF:8
FNH:1
FNDA:1,(anonymous_1)
FNDA:0,MensalistasCtrl
FNDA:0,activate
FNDA:0,(anonymous_4)
FNDA:0,loadMore
FNDA:0,(anonymous_6)
FNDA:0,showModalForm
FNDA:0,hideModalForm
DA:2,1
DA:5,1
DA:9,1
DA:16,1
DA:17,0
DA:18,0
DA:19,0
DA:20,0
DA:21,0
DA:22,0
DA:29,0
DA:31,1
DA:32,0
DA:33,0
DA:34,0
DA:35,0
DA:36,0
DA:39,0
DA:44,1
DA:45,0
DA:46,0
DA:47,0
DA:48,0
DA:52,1
DA:53,0
DA:56,1
DA:57,0
LF:27
LH:8
BRDA:34,1,0,0
BRDA:34,1,1,0
BRF:2
BRH:0
end_of_record
TN:
SF:./src/client/app/reservas/mensalistas/mensalistas.route.js
FN:1,(anonymous_1)
FN:10,appRun
FN:14,getStates
FNF:3
FNH:1
FNDA:1,(anonymous_1)
FNDA:0,appRun
FNDA:0,getStates
DA:1,1
DA:4,1
DA:8,1
DA:10,1
DA:11,0
DA:14,1
DA:15,0
LF:7
LH:5
BRF:0
BRH:0
end_of_record
TN:
SF:./src/client/app/reservas/reservas.route.js
FN:1,(anonymous_1)
FN:10,appRun
FN:14,getStates
FNF:3
FNH:1
FNDA:1,(anonymous_1)
FNDA:0,appRun
FNDA:0,getStates
DA:1,1
DA:4,1
DA:8,1
DA:10,1
DA:11,0
DA:14,1
DA:15,0
LF:7
LH:5
BRF:0
BRH:0
end_of_record
TN:
SF:./src/client/app/setup-arena/change-passwor.controller.js
FN:1,(anonymous_1)
FN:10,ChangePasswordCtrl
FN:17,activate
FN:18,(anonymous_4)
FN:23,changePassword
FN:29,(anonymous_6)
FNF:6
FNH:1
FNDA:1,(anonymous_1)
FNDA:0,ChangePasswordCtrl
FNDA:0,activate
FNDA:0,(anonymous_4)
FNDA:0,changePassword
FNDA:0,(anonymous_6)
DA:1,1
DA:4,1
DA:8,1
DA:10,1
DA:11,0
DA:12,0
DA:13,0
DA:15,0
DA:17,1
DA:18,0
DA:19,0
DA:23,1
DA:24,0
DA:25,0
DA:30,0
DA:31,0
DA:32,0
DA:34,0
DA:35,0
DA:37,0
DA:38,0
DA:40,0
DA:43,0
LF:23
LH:6
BRDA:31,1,0,0
BRDA:31,1,1,0
BRDA:32,2,0,0
BRDA:32,2,1,0
BRDA:32,2,2,0
BRF:5
BRH:0
end_of_record
TN:
SF:./src/client/app/setup-arena/setup-arena.controller.js
FN:1,(anonymous_1)
FN:10,SetupArenaCtrl
FN:35,activate
FN:47,showUploadImageModal
FN:51,hideUploadImageModal
FN:55,saveImage
FN:60,addQuadra
FN:64,(anonymous_8)
FN:65,(anonymous_9)
FN:74,(anonymous_10)
FN:83,concluirConfiguracao
FNF:11
FNH:1
FNDA:1,(anonymous_1)
FNDA:0,SetupArenaCtrl
FNDA:0,activate
FNDA:0,showUploadImageModal
FNDA:0,hideUploadImageModal
FNDA:0,saveImage
FNDA:0,addQuadra
FNDA:0,(anonymous_8)
FNDA:0,(anonymous_9)
FNDA:0,(anonymous_10)
FNDA:0,concluirConfiguracao
DA:1,1
DA:4,1
DA:8,1
DA:10,1
DA:11,0
DA:13,0
DA:14,0
DA:16,0
DA:17,0
DA:23,0
DA:24,0
DA:25,0
DA:26,0
DA:27,0
DA:28,0
DA:29,0
DA:30,0
DA:31,0
DA:33,0
DA:35,1
DA:36,0
DA:38,0
DA:47,1
DA:48,0
DA:51,1
DA:52,0
DA:55,1
DA:56,0
DA:57,0
DA:60,1
DA:61,0
DA:63,0
DA:64,0
DA:65,0
DA:66,0
DA:70,0
DA:71,0
DA:72,0
DA:74,0
DA:75,0
DA:76,0
DA:80,0
DA:83,1
DA:84,0
DA:85,0
DA:86,0
DA:87,0
LF:47
LH:10
BRDA:75,1,0,0
BRDA:75,1,1,0
BRF:2
BRH:0
end_of_record
TN:
SF:./src/client/app/setup-arena/setup-arena.route.js
FN:1,(anonymous_1)
FN:10,appRun
FN:14,getStates
FNF:3
FNH:1
FNDA:1,(anonymous_1)
FNDA:0,appRun
FNDA:0,getStates
DA:1,1
DA:4,1
DA:8,1
DA:10,1
DA:11,0
DA:14,1
DA:15,0
LF:7
LH:5
BRF:0
BRH:0
end_of_record
TN:
SF:./src/client/app/setup-arena/upload-img.controller.js
FN:1,(anonymous_1)
FN:10,UploadImgCtrl
FN:18,(anonymous_3)
FN:33,(anonymous_4)
FN:36,(anonymous_5)
FN:40,(anonymous_6)
FN:45,(anonymous_7)
FNF:7
FNH:1
FNDA:1,(anonymous_1)
FNDA:0,UploadImgCtrl
FNDA:0,(anonymous_3)
FNDA:0,(anonymous_4)
FNDA:0,(anonymous_5)
FNDA:0,(anonymous_6)
FNDA:0,(anonymous_7)
DA:1,1
DA:4,1
DA:8,1
DA:10,1
DA:13,0
DA:16,0
DA:18,0
DA:19,0
DA:20,0
DA:21,0
DA:34,0
DA:35,0
DA:37,0
DA:38,0
DA:39,0
DA:45,0
DA:46,0
LF:17
LH:4
BRF:0
BRH:0
end_of_record
TN:
SF:./src/client/app/setup-arena/user-profile.controller.js
FN:1,(anonymous_1)
FN:10,UserProfileCtrl
FN:18,activate
FN:34,showModal
FN:38,hideModal
FN:42,saveImage
FNF:6
FNH:1
FNDA:1,(anonymous_1)
FNDA:0,UserProfileCtrl
FNDA:0,activate
FNDA:0,showModal
FNDA:0,hideModal
FNDA:0,saveImage
DA:1,1
DA:4,1
DA:8,1
DA:10,1
DA:11,0
DA:12,0
DA:13,0
DA:14,0
DA:15,0
DA:16,0
DA:18,1
DA:19,0
DA:20,0
DA:21,0
DA:24,0
DA:34,1
DA:35,0
DA:38,1
DA:39,0
DA:42,1
DA:43,0
DA:44,0
LF:22
LH:8
BRDA:20,1,0,0
BRDA:20,1,1,0
BRF:2
BRH:0
end_of_record
TN:
SF:./src/client/app/sistema-arena/confirmacao-cadastro.route.js
FN:1,(anonymous_1)
FN:10,appRun
FN:14,getStates
FNF:3
FNH:1
FNDA:1,(anonymous_1)
FNDA:0,appRun
FNDA:0,getStates
DA:1,1
DA:4,1
DA:8,1
DA:10,1
DA:11,0
DA:14,1
DA:15,0
LF:7
LH:5
BRF:0
BRH:0
end_of_record
TN:
SF:./src/client/app/sistema-arena/sistema-arena.controller.js
FN:1,(anonymous_1)
FN:10,SistemaArenaCtrl
FN:16,formSubmit
FN:19,(anonymous_4)
FN:26,(anonymous_5)
FN:31,createAccount
FN:37,authenticate
FN:41,createProfile
FN:50,(anonymous_9)
FN:57,redirect
FN:69,showError
FNF:11
FNH:1
FNDA:1,(anonymous_1)
FNDA:0,SistemaArenaCtrl
FNDA:0,formSubmit
FNDA:0,(anonymous_4)
FNDA:0,(anonymous_5)
FNDA:0,createAccount
FNDA:0,authenticate
FNDA:0,createProfile
FNDA:0,(anonymous_9)
FNDA:0,redirect
FNDA:0,showError
DA:1,1
DA:4,1
DA:8,1
DA:10,1
DA:11,0
DA:12,0
DA:13,0
DA:14,0
DA:16,1
DA:17,0
DA:19,0
DA:20,0
DA:21,0
DA:24,0
DA:27,0
DA:31,1
DA:32,0
DA:37,1
DA:38,0
DA:41,1
DA:42,0
DA:43,0
DA:44,0
DA:45,0
DA:50,0
DA:51,0
DA:52,0
DA:57,1
DA:58,0
DA:59,0
DA:60,0
DA:61,0
DA:64,0
DA:66,0
DA:69,1
DA:70,0
LF:36
LH:10
BRDA:20,1,0,0
BRDA:20,1,1,0
BRDA:51,2,0,0
BRDA:51,2,1,0
BRDA:60,3,0,0
BRDA:60,3,1,0
BRF:6
BRH:0
end_of_record
TN:
SF:./src/client/app/sistema-arena/sistema-arena.route.js
FN:1,(anonymous_1)
FN:10,appRun
FN:14,getStates
FNF:3
FNH:1
FNDA:1,(anonymous_1)
FNDA:0,appRun
FNDA:0,getStates
DA:1,1
DA:4,1
DA:8,1
DA:10,1
DA:11,0
DA:14,1
DA:15,0
LF:7
LH:5
BRF:0
BRH:0
end_of_record
TN:
SF:./src/client/app/widgets/btn-directive.js
FN:2,(anonymous_1)
FN:9,btn
FN:12,(anonymous_3)
FNF:3
FNH:1
FNDA:1,(anonymous_1)
FNDA:0,btn
FNDA:0,(anonymous_3)
DA:2,1
DA:5,1
DA:9,1
DA:10,0
DA:13,0
DA:14,0
DA:17,0
DA:18,0
DA:22,0
DA:25,0
LF:10
LH:3
BRDA:13,1,0,0
BRDA:13,1,1,0
BRDA:13,2,0,0
BRDA:13,2,1,0
BRDA:17,3,0,0
BRDA:17,3,1,0
BRF:6
BRH:0
end_of_record
TN:
SF:./src/client/app/widgets/chosen-results.directive.js
FN:3,(anonymous_1)
FN:10,chosenResults
FN:13,(anonymous_3)
FNF:3
FNH:1
FNDA:1,(anonymous_1)
FNDA:0,chosenResults
FNDA:0,(anonymous_3)
DA:3,1
DA:6,1
DA:10,1
DA:11,0
DA:15,0
DA:16,0
LF:6
LH:3
BRDA:15,1,0,0
BRDA:15,1,1,0
BRF:2
BRH:0
end_of_record
TN:
SF:./src/client/app/widgets/custom-on-change.directive.js
FN:1,(anonymous_1)
FN:8,customOnChange
FN:11,(anonymous_3)
FNF:3
FNH:1
FNDA:1,(anonymous_1)
FNDA:0,customOnChange
FNDA:0,(anonymous_3)
DA:1,1
DA:4,1
DA:8,1
DA:9,0
DA:12,0
DA:13,0
LF:6
LH:3
BRF:0
BRH:0
end_of_record
TN:
SF:./src/client/app/widgets/fg-line.directive.js
FN:2,(anonymous_1)
FN:9,fgLine
FN:12,(anonymous_3)
FN:14,(anonymous_4)
FN:18,(anonymous_5)
FNF:5
FNH:1
FNDA:1,(anonymous_1)
FNDA:0,fgLine
FNDA:0,(anonymous_3)
FNDA:0,(anonymous_4)
FNDA:0,(anonymous_5)
DA:2,1
DA:5,1
DA:9,1
DA:10,0
DA:13,0
DA:14,0
DA:15,0
DA:18,0
DA:19,0
DA:20,0
DA:22,0
DA:23,0
DA:24,0
DA:28,0
LF:14
LH:3
BRDA:13,1,0,0
BRDA:13,1,1,0
BRDA:22,2,0,0
BRDA:22,2,1,0
BRDA:23,3,0,0
BRDA:23,3,1,0
BRF:6
BRH:0
end_of_record
TN:
SF:./src/client/app/widgets/ht-img-person.directive.js
FN:1,(anonymous_1)
FN:10,htImgPerson
FN:21,link
FN:22,(anonymous_4)
FNF:4
FNH:1
FNDA:1,(anonymous_1)
FNDA:0,htImgPerson
FNDA:0,link
FNDA:0,(anonymous_4)
DA:1,1
DA:4,1
DA:8,1
DA:10,1
DA:13,0
DA:14,0
DA:15,0
DA:19,0
DA:21,1
DA:22,0
DA:23,0
DA:24,0
LF:12
LH:5
BRDA:23,1,0,0
BRDA:23,1,1,0
BRF:2
BRH:0
end_of_record
TN:
SF:./src/client/app/widgets/ht-widget-header.directive.js
FN:1,(anonymous_1)
FN:9,htWidgetHeader
FNF:2
FNH:1
FNDA:1,(anonymous_1)
FNDA:0,htWidgetHeader
DA:1,1
DA:4,1
DA:9,1
DA:16,0
DA:26,0
LF:5
LH:3
BRF:0
BRH:0
end_of_record
TN:
SF:./src/client/app/widgets/lightbox-directive.js
FN:2,(anonymous_1)
FN:9,lightbox
FN:12,(anonymous_3)
FNF:3
FNH:1
FNDA:1,(anonymous_1)
FNDA:0,lightbox
FNDA:0,(anonymous_3)
DA:2,1
DA:5,1
DA:9,1
DA:10,0
DA:13,0
LF:5
LH:3
BRF:0
BRH:0
end_of_record
TN:
SF:./src/client/app/widgets/lightgallery-directive.js
FN:2,(anonymous_1)
FN:9,lightgallery
FN:12,(anonymous_3)
FNF:3
FNH:1
FNDA:1,(anonymous_1)
FNDA:0,lightgallery
FNDA:0,(anonymous_3)
DA:2,1
DA:5,1
DA:9,1
DA:10,0
DA:13,0
DA:14,0
LF:6
LH:3
BRDA:13,1,0,0
BRDA:13,1,1,0
BRF:2
BRH:0
end_of_record
TN:
SF:./src/client/app/widgets/lowercase-directive.js
FN:2,(anonymous_1)
FN:9,lowerCase
FN:12,(anonymous_3)
FN:13,(anonymous_4)
FNF:4
FNH:1
FNDA:1,(anonymous_1)
FNDA:0,lowerCase
FNDA:0,(anonymous_3)
FNDA:0,(anonymous_4)
DA:2,1
DA:5,1
DA:9,1
DA:10,0
DA:13,0
DA:14,0
DA:15,0
DA:17,0
DA:18,0
DA:19,0
DA:20,0
DA:22,0
DA:24,0
DA:25,0
LF:14
LH:3
BRDA:14,1,0,0
BRDA:14,1,1,0
BRDA:18,2,0,0
BRDA:18,2,1,0
BRF:4
BRH:0
end_of_record
TN:
SF:./src/client/app/widgets/ng-confirm-click.directive.js
FN:2,(anonymous_1)
FN:9,ngConfirmClick
FN:11,(anonymous_3)
FN:14,(anonymous_4)
FNF:4
FNH:1
FNDA:1,(anonymous_1)
FNDA:0,ngConfirmClick
FNDA:0,(anonymous_3)
FNDA:0,(anonymous_4)
DA:2,1
DA:5,1
DA:9,1
DA:10,0
DA:12,0
DA:13,0
DA:14,0
DA:15,0
DA:16,0
LF:9
LH:3
BRDA:12,1,0,0
BRDA:12,1,1,0
BRDA:15,2,0,0
BRDA:15,2,1,0
BRF:4
BRH:0
end_of_record
TN:
SF:./src/client/app/widgets/password-verify-directive.js
FN:2,(anonymous_1)
FN:9,passwordVerify
FN:15,(anonymous_3)
FN:16,(anonymous_4)
FN:23,(anonymous_5)
FN:25,(anonymous_6)
FNF:6
FNH:1
FNDA:1,(anonymous_1)
FNDA:0,passwordVerify
FNDA:0,(anonymous_3)
FNDA:0,(anonymous_4)
FNDA:0,(anonymous_5)
FNDA:0,(anonymous_6)
DA:2,1
DA:5,1
DA:9,1
DA:10,0
DA:16,0
DA:17,0
DA:19,0
DA:20,0
DA:22,0
DA:24,0
DA:25,0
DA:26,0
DA:27,0
DA:28,0
DA:29,0
DA:31,0
DA:32,0
LF:17
LH:3
BRDA:19,1,0,0
BRDA:19,1,1,0
BRDA:19,2,0,0
BRDA:19,2,1,0
BRDA:24,3,0,0
BRDA:24,3,1,0
BRDA:27,4,0,0
BRDA:27,4,1,0
BRF:8
BRH:0
end_of_record
TN:
SF:./src/client/app/widgets/progress-bar-directive.js
FN:1,(anonymous_1)
FN:8,progressbar
FN:15,(anonymous_3)
FN:17,(anonymous_4)
FN:20,(anonymous_5)
FNF:5
FNH:1
FNDA:1,(anonymous_1)
FNDA:0,progressbar
FNDA:0,(anonymous_3)
FNDA:0,(anonymous_4)
FNDA:0,(anonymous_5)
DA:1,1
DA:4,1
DA:8,1
DA:9,0
DA:17,0
DA:18,0
DA:20,0
DA:21,0
LF:8
LH:3
BRF:0
BRH:0
end_of_record
